
*** Running vivado
    with args -log OV_VGA.vdi -applog -m64 -product Vivado -messageDb vivado.pb -mode batch -source OV_VGA.tcl -notrace


****** Vivado v2024.2 (64-bit)
  **** SW Build 5239630 on Fri Nov 08 22:34:34 MST 2024
  **** IP Build 5239520 on Sun Nov 10 16:12:51 MST 2024
  **** SharedData Build 5239561 on Fri Nov 08 14:39:27 MST 2024
  **** Start of session at: Tue Apr 21 13:50:23 2026
    ** Copyright 1986-2022 Xilinx, Inc. All Rights Reserved.
    ** Copyright 2022-2024 Advanced Micro Devices, Inc. All Rights Reserved.

source OV_VGA.tcl -notrace
Command: link_design -top OV_VGA -part xc7a35tcpg236-1
Design is defaulting to srcset: sources_1
Design is defaulting to constrset: constrs_1
INFO: [Device 21-403] Loading part xc7a35tcpg236-1
INFO: [Project 1-454] Reading design checkpoint '/home/jsh-laptop/workspace_ondevice_2/fpga/self_study/project_Guess_Number/project_Guess_Number.gen/sources_1/ip/blk_mem_gen_0/blk_mem_gen_0.dcp' for cell 'bram0'
INFO: [Project 1-454] Reading design checkpoint '/home/jsh-laptop/workspace_ondevice_2/fpga/self_study/project_Guess_Number/project_Guess_Number.gen/sources_1/ip/clk_wiz_0/clk_wiz_0.dcp' for cell 'cw0'
Netlist sorting complete. Time (s): cpu = 00:00:00.02 ; elapsed = 00:00:00.03 . Memory (MB): peak = 1447.391 ; gain = 0.000 ; free physical = 6938 ; free virtual = 28476
INFO: [Netlist 29-17] Analyzing 1298 Unisim elements for replacement
INFO: [Netlist 29-28] Unisim Transformation completed in 0 CPU seconds
WARNING: [Netlist 29-101] Netlist 'OV_VGA' is not ideal for floorplanning, since the cellview 'cnn_top' contains a large number of primitives.  Please consider enabling hierarchy in synthesis if you want to do floorplanning.
INFO: [Project 1-479] Netlist was created with Vivado 2024.2
INFO: [Project 1-570] Preparing netlist for logic optimization
WARNING: [Opt 31-35] Removing redundant IBUF, cw0/inst/clkin1_ibufg, from the path connected to top-level port: wclk 
Resolution: The tool has removed redundant IBUF. To resolve this warning, check for redundant IBUF in the input design.
WARNING: [Constraints 18-550] Could not create 'IBUF_LOW_PWR' constraint because net 'cw0/clk_in1' is not directly connected to top level port. 'IBUF_LOW_PWR' is ignored for synthesis but preserved for implementation.
Parsing XDC File [/home/jsh-laptop/workspace_ondevice_2/fpga/self_study/project_Guess_Number/project_Guess_Number.gen/sources_1/ip/clk_wiz_0/clk_wiz_0_board.xdc] for cell 'cw0/inst'
Finished Parsing XDC File [/home/jsh-laptop/workspace_ondevice_2/fpga/self_study/project_Guess_Number/project_Guess_Number.gen/sources_1/ip/clk_wiz_0/clk_wiz_0_board.xdc] for cell 'cw0/inst'
Parsing XDC File [/home/jsh-laptop/workspace_ondevice_2/fpga/self_study/project_Guess_Number/project_Guess_Number.gen/sources_1/ip/clk_wiz_0/clk_wiz_0.xdc] for cell 'cw0/inst'
INFO: [Timing 38-35] Done setting XDC timing constraints. [/home/jsh-laptop/workspace_ondevice_2/fpga/self_study/project_Guess_Number/project_Guess_Number.gen/sources_1/ip/clk_wiz_0/clk_wiz_0.xdc:54]
INFO: [Timing 38-2] Deriving generated clocks [/home/jsh-laptop/workspace_ondevice_2/fpga/self_study/project_Guess_Number/project_Guess_Number.gen/sources_1/ip/clk_wiz_0/clk_wiz_0.xdc:54]
Finished Parsing XDC File [/home/jsh-laptop/workspace_ondevice_2/fpga/self_study/project_Guess_Number/project_Guess_Number.gen/sources_1/ip/clk_wiz_0/clk_wiz_0.xdc] for cell 'cw0/inst'
Parsing XDC File [/home/jsh-laptop/workspace_ondevice_2/fpga/self_study/project_Guess_Number/project_Guess_Number.srcs/constrs_1/imports/fpga/Basys-3-Master.xdc]
Finished Parsing XDC File [/home/jsh-laptop/workspace_ondevice_2/fpga/self_study/project_Guess_Number/project_Guess_Number.srcs/constrs_1/imports/fpga/Basys-3-Master.xdc]
INFO: [Opt 31-138] Pushed 0 inverter(s) to 0 load pin(s).
Netlist sorting complete. Time (s): cpu = 00:00:00 ; elapsed = 00:00:00 . Memory (MB): peak = 2177.715 ; gain = 0.000 ; free physical = 6409 ; free virtual = 27946
INFO: [Project 1-111] Unisim Transformation Summary:
  A total of 1 instances were transformed.
  IOBUF => IOBUF (IBUF, OBUFT): 1 instance 

11 Infos, 3 Warnings, 0 Critical Warnings and 0 Errors encountered.
link_design completed successfully
link_design: Time (s): cpu = 00:00:07 ; elapsed = 00:00:07 . Memory (MB): peak = 2177.715 ; gain = 744.199 ; free physical = 6408 ; free virtual = 27945
Command: opt_design
Attempting to get a license for feature 'Implementation' and/or device 'xc7a35t'
INFO: [Common 17-349] Got license for feature 'Implementation' and/or device 'xc7a35t'
Running DRC as a precondition to command opt_design

Starting DRC Task
INFO: [DRC 23-27] Running DRC with 8 threads
INFO: [Project 1-461] DRC finished with 0 Errors
INFO: [Project 1-462] Please refer to the DRC report (report_drc) for more information.

Time (s): cpu = 00:00:02 ; elapsed = 00:00:00.41 . Memory (MB): peak = 2182.098 ; gain = 4.383 ; free physical = 6355 ; free virtual = 27892

Starting Cache Timing Information Task
INFO: [Timing 38-35] Done setting XDC timing constraints.
Ending Cache Timing Information Task | Checksum: 2840f39d8

Time (s): cpu = 00:00:00.95 ; elapsed = 00:00:00.23 . Memory (MB): peak = 2226.910 ; gain = 44.812 ; free physical = 6349 ; free virtual = 27886

Starting Logic Optimization Task

Phase 1 Initialization

Phase 1.1 Core Generation And Design Setup
Phase 1.1 Core Generation And Design Setup | Checksum: 2840f39d8

Time (s): cpu = 00:00:00.01 ; elapsed = 00:00:00.01 . Memory (MB): peak = 2551.863 ; gain = 0.000 ; free physical = 6018 ; free virtual = 27555

Phase 1.2 Setup Constraints And Sort Netlist
Phase 1.2 Setup Constraints And Sort Netlist | Checksum: 2840f39d8

Time (s): cpu = 00:00:00.01 ; elapsed = 00:00:00.01 . Memory (MB): peak = 2551.863 ; gain = 0.000 ; free physical = 6018 ; free virtual = 27555
Phase 1 Initialization | Checksum: 2840f39d8

Time (s): cpu = 00:00:00.01 ; elapsed = 00:00:00.01 . Memory (MB): peak = 2551.863 ; gain = 0.000 ; free physical = 6018 ; free virtual = 27555

Phase 2 Timer Update And Timing Data Collection

Phase 2.1 Timer Update
Phase 2.1 Timer Update | Checksum: 2840f39d8

Time (s): cpu = 00:00:00.38 ; elapsed = 00:00:00.1 . Memory (MB): peak = 2551.863 ; gain = 0.000 ; free physical = 6018 ; free virtual = 27555

Phase 2.2 Timing Data Collection
Phase 2.2 Timing Data Collection | Checksum: 2840f39d8

Time (s): cpu = 00:00:00.39 ; elapsed = 00:00:00.11 . Memory (MB): peak = 2551.863 ; gain = 0.000 ; free physical = 6018 ; free virtual = 27555
Phase 2 Timer Update And Timing Data Collection | Checksum: 2840f39d8

Time (s): cpu = 00:00:00.39 ; elapsed = 00:00:00.11 . Memory (MB): peak = 2551.863 ; gain = 0.000 ; free physical = 6018 ; free virtual = 27555

Phase 3 Retarget
INFO: [Opt 31-1851] Number of loadless carry chains removed were: 0
INFO: [Opt 31-1834] Total Chains To Be Transformed Were: 0 AND Number of Transformed insts Created are: 0
INFO: [Opt 31-138] Pushed 1 inverter(s) to 1 load pin(s).
INFO: [Opt 31-49] Retargeted 0 cell(s).
Phase 3 Retarget | Checksum: 2525bdb98

Time (s): cpu = 00:00:00.49 ; elapsed = 00:00:00.21 . Memory (MB): peak = 2551.863 ; gain = 0.000 ; free physical = 6018 ; free virtual = 27555
Retarget | Checksum: 2525bdb98
INFO: [Opt 31-389] Phase Retarget created 518 cells and removed 518 cells
INFO: [Opt 31-1021] In phase Retarget, 1 netlist objects are constrained preventing optimization. Please run opt_design with -debug_log to get more detail. 

Phase 4 Constant propagation
INFO: [Opt 31-138] Pushed 0 inverter(s) to 0 load pin(s).
Phase 4 Constant propagation | Checksum: 2a2ffa4b8

Time (s): cpu = 00:00:00.54 ; elapsed = 00:00:00.26 . Memory (MB): peak = 2551.863 ; gain = 0.000 ; free physical = 6018 ; free virtual = 27555
Constant propagation | Checksum: 2a2ffa4b8
INFO: [Opt 31-389] Phase Constant propagation created 0 cells and removed 0 cells

Phase 5 Sweep
INFO: [Constraints 18-11670] Building netlist checker database with flags, 0x8
Done building netlist checker database: Time (s): cpu = 00:00:00 ; elapsed = 00:00:00 . Memory (MB): peak = 2551.863 ; gain = 0.000 ; free physical = 6018 ; free virtual = 27555
INFO: [Constraints 18-11670] Building netlist checker database with flags, 0x8
Done building netlist checker database: Time (s): cpu = 00:00:00 ; elapsed = 00:00:00 . Memory (MB): peak = 2551.863 ; gain = 0.000 ; free physical = 6018 ; free virtual = 27555
Phase 5 Sweep | Checksum: 24df5aea3

Time (s): cpu = 00:00:00.6 ; elapsed = 00:00:00.33 . Memory (MB): peak = 2551.863 ; gain = 0.000 ; free physical = 6018 ; free virtual = 27555
Sweep | Checksum: 24df5aea3
INFO: [Opt 31-389] Phase Sweep created 4 cells and removed 68 cells

Phase 6 BUFG optimization
INFO: [Opt 31-194] Inserted BUFG wclk_IBUF_BUFG_inst to drive 2277 load(s) on clock net wclk_IBUF_BUFG
INFO: [Opt 31-193] Inserted 1 BUFG(s) on clock nets
Phase 6 BUFG optimization | Checksum: 1e4c9cdd1

Time (s): cpu = 00:00:00.7 ; elapsed = 00:00:00.38 . Memory (MB): peak = 2583.879 ; gain = 32.016 ; free physical = 6010 ; free virtual = 27547
BUFG optimization | Checksum: 1e4c9cdd1
INFO: [Opt 31-662] Phase BUFG optimization created 1 cells of which 1 are BUFGs and removed 0 cells.

Phase 7 Shift Register Optimization
INFO: [Opt 31-1064] SRL Remap converted 0 SRLs to 0 registers and converted 0 registers of register chains to 0 SRLs
Phase 7 Shift Register Optimization | Checksum: 1e4c9cdd1

Time (s): cpu = 00:00:00.71 ; elapsed = 00:00:00.38 . Memory (MB): peak = 2583.879 ; gain = 32.016 ; free physical = 6010 ; free virtual = 27547
Shift Register Optimization | Checksum: 1e4c9cdd1
INFO: [Opt 31-389] Phase Shift Register Optimization created 0 cells and removed 0 cells

Phase 8 Post Processing Netlist
Phase 8 Post Processing Netlist | Checksum: 1ca93c135

Time (s): cpu = 00:00:00.72 ; elapsed = 00:00:00.4 . Memory (MB): peak = 2583.879 ; gain = 32.016 ; free physical = 6010 ; free virtual = 27547
Post Processing Netlist | Checksum: 1ca93c135
INFO: [Opt 31-389] Phase Post Processing Netlist created 0 cells and removed 0 cells

Phase 9 Finalization

Phase 9.1 Finalizing Design Cores and Updating Shapes
Phase 9.1 Finalizing Design Cores and Updating Shapes | Checksum: 256f4fd2c

Time (s): cpu = 00:00:00.96 ; elapsed = 00:00:00.54 . Memory (MB): peak = 2583.879 ; gain = 32.016 ; free physical = 6010 ; free virtual = 27547

Phase 9.2 Verifying Netlist Connectivity

Starting Connectivity Check Task

Time (s): cpu = 00:00:00.01 ; elapsed = 00:00:00.01 . Memory (MB): peak = 2583.879 ; gain = 0.000 ; free physical = 6010 ; free virtual = 27547
Phase 9.2 Verifying Netlist Connectivity | Checksum: 256f4fd2c

Time (s): cpu = 00:00:00.97 ; elapsed = 00:00:00.55 . Memory (MB): peak = 2583.879 ; gain = 32.016 ; free physical = 6010 ; free virtual = 27547
Phase 9 Finalization | Checksum: 256f4fd2c

Time (s): cpu = 00:00:00.97 ; elapsed = 00:00:00.55 . Memory (MB): peak = 2583.879 ; gain = 32.016 ; free physical = 6010 ; free virtual = 27547
Opt_design Change Summary
=========================


-------------------------------------------------------------------------------------------------------------------------
|  Phase                        |  #Cells created  |  #Cells Removed  |  #Constrained objects preventing optimizations  |
-------------------------------------------------------------------------------------------------------------------------
|  Retarget                     |             518  |             518  |                                              1  |
|  Constant propagation         |               0  |               0  |                                              0  |
|  Sweep                        |               4  |              68  |                                              0  |
|  BUFG optimization            |               1  |               0  |                                              0  |
|  Shift Register Optimization  |               0  |               0  |                                              0  |
|  Post Processing Netlist      |               0  |               0  |                                              0  |
-------------------------------------------------------------------------------------------------------------------------


Ending Logic Optimization Task | Checksum: 256f4fd2c

Time (s): cpu = 00:00:00.97 ; elapsed = 00:00:00.55 . Memory (MB): peak = 2583.879 ; gain = 32.016 ; free physical = 6010 ; free virtual = 27547

Starting Power Optimization Task
INFO: [Pwropt 34-132] Skipping clock gating for clocks with a period < 2.00 ns.
INFO: [Timing 38-35] Done setting XDC timing constraints.
Running Vector-less Activity Propagation...

Finished Running Vector-less Activity Propagation
INFO: [Pwropt 34-9] Applying IDT optimizations ...
INFO: [Pwropt 34-10] Applying ODC optimizations ...


Starting PowerOpt Patch Enables Task
INFO: [Pwropt 34-162] WRITE_MODE attribute of 0 BRAM(s) out of a total of 36 has been updated to save power. Run report_power_opt to get a complete listing of the BRAMs updated.
INFO: [Pwropt 34-201] Structural ODC has moved 0 WE to EN ports
Number of BRAM Ports augmented: 0 newly gated: 0 Total Ports: 72
Ending PowerOpt Patch Enables Task | Checksum: 256f4fd2c

Time (s): cpu = 00:00:00.07 ; elapsed = 00:00:00.07 . Memory (MB): peak = 2836.824 ; gain = 0.000 ; free physical = 5890 ; free virtual = 27426
Ending Power Optimization Task | Checksum: 256f4fd2c

Time (s): cpu = 00:00:05 ; elapsed = 00:00:01 . Memory (MB): peak = 2836.824 ; gain = 252.945 ; free physical = 5890 ; free virtual = 27426

Starting Final Cleanup Task
Ending Final Cleanup Task | Checksum: 256f4fd2c

Time (s): cpu = 00:00:00.01 ; elapsed = 00:00:00 . Memory (MB): peak = 2836.824 ; gain = 0.000 ; free physical = 5890 ; free virtual = 27426

Starting Netlist Obfuscation Task
Netlist sorting complete. Time (s): cpu = 00:00:00 ; elapsed = 00:00:00 . Memory (MB): peak = 2836.824 ; gain = 0.000 ; free physical = 5890 ; free virtual = 27426
Ending Netlist Obfuscation Task | Checksum: 256f4fd2c

Time (s): cpu = 00:00:00 ; elapsed = 00:00:00 . Memory (MB): peak = 2836.824 ; gain = 0.000 ; free physical = 5890 ; free virtual = 27426
INFO: [Common 17-83] Releasing license: Implementation
40 Infos, 3 Warnings, 0 Critical Warnings and 0 Errors encountered.
opt_design completed successfully
INFO: [Vivado 12-24828] Executing command : report_drc -file OV_VGA_drc_opted.rpt -pb OV_VGA_drc_opted.pb -rpx OV_VGA_drc_opted.rpx
Command: report_drc -file OV_VGA_drc_opted.rpt -pb OV_VGA_drc_opted.pb -rpx OV_VGA_drc_opted.rpx
INFO: [IP_Flow 19-1839] IP Catalog is up to date.
INFO: [DRC 23-27] Running DRC with 8 threads
INFO: [Vivado_Tcl 2-168] The results of DRC are in file /home/jsh-laptop/workspace_ondevice_2/fpga/self_study/project_Guess_Number/project_Guess_Number.runs/impl_1/OV_VGA_drc_opted.rpt.
report_drc completed successfully
INFO: [Timing 38-35] Done setting XDC timing constraints.
INFO: [Timing 38-480] Writing timing data to binary archive.
Wrote PlaceDB: Time (s): cpu = 00:00:00 ; elapsed = 00:00:00.01 . Memory (MB): peak = 2836.824 ; gain = 0.000 ; free physical = 5883 ; free virtual = 27421
Wrote PulsedLatchDB: Time (s): cpu = 00:00:00 ; elapsed = 00:00:00 . Memory (MB): peak = 2836.824 ; gain = 0.000 ; free physical = 5883 ; free virtual = 27421
Writing XDEF routing.
Write ShapeDB Complete: Time (s): cpu = 00:00:00.03 ; elapsed = 00:00:00.01 . Memory (MB): peak = 2836.824 ; gain = 0.000 ; free physical = 5883 ; free virtual = 27421
Writing XDEF routing logical nets.
Writing XDEF routing special nets.
Wrote RouteStorage: Time (s): cpu = 00:00:00.05 ; elapsed = 00:00:00.01 . Memory (MB): peak = 2836.824 ; gain = 0.000 ; free physical = 5883 ; free virtual = 27421
Wrote Netlist Cache: Time (s): cpu = 00:00:00 ; elapsed = 00:00:00 . Memory (MB): peak = 2836.824 ; gain = 0.000 ; free physical = 5883 ; free virtual = 27421
Wrote Device Cache: Time (s): cpu = 00:00:00.02 ; elapsed = 00:00:00 . Memory (MB): peak = 2836.824 ; gain = 0.000 ; free physical = 5883 ; free virtual = 27421
Write Physdb Complete: Time (s): cpu = 00:00:00.08 ; elapsed = 00:00:00.02 . Memory (MB): peak = 2836.824 ; gain = 0.000 ; free physical = 5883 ; free virtual = 27421
INFO: [Common 17-1381] The checkpoint '/home/jsh-laptop/workspace_ondevice_2/fpga/self_study/project_Guess_Number/project_Guess_Number.runs/impl_1/OV_VGA_opt.dcp' has been generated.
Command: place_design
Attempting to get a license for feature 'Implementation' and/or device 'xc7a35t'
INFO: [Common 17-349] Got license for feature 'Implementation' and/or device 'xc7a35t'
INFO: [Common 17-83] Releasing license: Implementation
INFO: [DRC 23-27] Running DRC with 8 threads
INFO: [Vivado_Tcl 4-198] DRC finished with 0 Errors
INFO: [Vivado_Tcl 4-199] Please refer to the DRC report (report_drc) for more information.
Running DRC as a precondition to command place_design
INFO: [DRC 23-27] Running DRC with 8 threads
INFO: [Vivado_Tcl 4-198] DRC finished with 0 Errors, 42 Warnings
INFO: [Vivado_Tcl 4-199] Please refer to the DRC report (report_drc) for more information.
INFO: [Place 30-611] Multithreading enabled for place_design using a maximum of 8 CPUs

Starting Placer Task

Phase 1 Placer Initialization

Phase 1.1 Placer Initialization Netlist Sorting
Netlist sorting complete. Time (s): cpu = 00:00:00.01 ; elapsed = 00:00:00 . Memory (MB): peak = 2836.824 ; gain = 0.000 ; free physical = 5855 ; free virtual = 27394
Phase 1.1 Placer Initialization Netlist Sorting | Checksum: 16c53c57f

Time (s): cpu = 00:00:00.01 ; elapsed = 00:00:00 . Memory (MB): peak = 2836.824 ; gain = 0.000 ; free physical = 5855 ; free virtual = 27394
Netlist sorting complete. Time (s): cpu = 00:00:00 ; elapsed = 00:00:00 . Memory (MB): peak = 2836.824 ; gain = 0.000 ; free physical = 5855 ; free virtual = 27394

Phase 1.2 IO Placement/ Clock Placement/ Build Placer Device
Phase 1.2 IO Placement/ Clock Placement/ Build Placer Device | Checksum: 2242c5209

Time (s): cpu = 00:00:00.75 ; elapsed = 00:00:00.25 . Memory (MB): peak = 2836.824 ; gain = 0.000 ; free physical = 5852 ; free virtual = 27391

Phase 1.3 Build Placer Netlist Model
Phase 1.3 Build Placer Netlist Model | Checksum: 2de242f58

Time (s): cpu = 00:00:03 ; elapsed = 00:00:00.99 . Memory (MB): peak = 2836.824 ; gain = 0.000 ; free physical = 5851 ; free virtual = 27390

Phase 1.4 Constrain Clocks/Macros
Phase 1.4 Constrain Clocks/Macros | Checksum: 2de242f58

Time (s): cpu = 00:00:03 ; elapsed = 00:00:00.99 . Memory (MB): peak = 2836.824 ; gain = 0.000 ; free physical = 5851 ; free virtual = 27390
Phase 1 Placer Initialization | Checksum: 2de242f58

Time (s): cpu = 00:00:03 ; elapsed = 00:00:01 . Memory (MB): peak = 2836.824 ; gain = 0.000 ; free physical = 5851 ; free virtual = 27390

Phase 2 Global Placement

Phase 2.1 Floorplanning
Phase 2.1 Floorplanning | Checksum: 30bb6e353

Time (s): cpu = 00:00:04 ; elapsed = 00:00:01 . Memory (MB): peak = 2836.824 ; gain = 0.000 ; free physical = 5872 ; free virtual = 27412

Phase 2.2 Update Timing before SLR Path Opt
Phase 2.2 Update Timing before SLR Path Opt | Checksum: 30d3c2ce2

Time (s): cpu = 00:00:05 ; elapsed = 00:00:01 . Memory (MB): peak = 2836.824 ; gain = 0.000 ; free physical = 5872 ; free virtual = 27411

Phase 2.3 Post-Processing in Floorplanning
Phase 2.3 Post-Processing in Floorplanning | Checksum: 30d3c2ce2

Time (s): cpu = 00:00:05 ; elapsed = 00:00:01 . Memory (MB): peak = 2836.824 ; gain = 0.000 ; free physical = 5872 ; free virtual = 27411

Phase 2.4 Global Place Phase1
Phase 2.4 Global Place Phase1 | Checksum: 2348cacdc

Time (s): cpu = 00:00:22 ; elapsed = 00:00:06 . Memory (MB): peak = 2836.824 ; gain = 0.000 ; free physical = 5843 ; free virtual = 27382

Phase 2.5 Global Place Phase2

Phase 2.5.1 UpdateTiming Before Physical Synthesis
Phase 2.5.1 UpdateTiming Before Physical Synthesis | Checksum: 294fa4125

Time (s): cpu = 00:00:23 ; elapsed = 00:00:06 . Memory (MB): peak = 2836.824 ; gain = 0.000 ; free physical = 5843 ; free virtual = 27382

Phase 2.5.2 Physical Synthesis In Placer
INFO: [Physopt 32-1035] Found 465 LUTNM shape to break, 113 LUT instances to create LUTNM shape
INFO: [Physopt 32-1044] Break lutnm for timing: one critical 2, two critical 463, total 465, new lutff created 0
INFO: [Physopt 32-1138] End 1 Pass. Optimized 509 nets or LUTs. Breaked 465 LUTs, combined 44 existing LUTs and moved 0 existing LUT
INFO: [Physopt 32-65] No nets found for high-fanout optimization.
INFO: [Physopt 32-232] Optimized 0 net. Created 0 new instance.
INFO: [Physopt 32-775] End 1 Pass. Optimized 0 net or cell. Created 0 new cell, deleted 0 existing cell and moved 0 existing cell
INFO: [Physopt 32-46] Identified 44 candidate nets for critical-cell optimization.
INFO: [Physopt 32-81] Processed net cnn0/polling_output_reg[2]_127[10]. Replicated 2 times.
INFO: [Physopt 32-81] Processed net cnn0/polling_output_reg[0]_129[1]. Replicated 3 times.
INFO: [Physopt 32-81] Processed net cnn0/polling_output_reg[2]_127[1]. Replicated 3 times.
INFO: [Physopt 32-81] Processed net cnn0/polling_output_reg[0]_129[2]. Replicated 3 times.
INFO: [Physopt 32-81] Processed net cnn0/polling_output_reg[0]_129[3]. Replicated 3 times.
INFO: [Physopt 32-81] Processed net cnn0/polling_output_reg[0]_129[6]. Replicated 3 times.
INFO: [Physopt 32-81] Processed net cnn0/polling_output_reg[2]_127[6]. Replicated 4 times.
INFO: [Physopt 32-81] Processed net cnn0/polling_output_reg[2]_127[2]. Replicated 4 times.
INFO: [Physopt 32-81] Processed net cnn0/polling_output_reg[0]_129[4]. Replicated 3 times.
INFO: [Physopt 32-81] Processed net cnn0/polling_output_reg[3]_128[10]. Replicated 4 times.
INFO: [Physopt 32-81] Processed net cnn0/polling_output_reg[2]_127[5]. Replicated 3 times.
INFO: [Physopt 32-81] Processed net cnn0/polling_output_reg[2]_127[9]. Replicated 3 times.
INFO: [Physopt 32-81] Processed net cnn0/polling_output_reg[2]_127[8]. Replicated 4 times.
INFO: [Physopt 32-81] Processed net cnn0/polling_output_reg[3]_128[9]. Replicated 4 times.
INFO: [Physopt 32-81] Processed net cnn0/polling_output_reg[0]_129[5]. Replicated 3 times.
INFO: [Physopt 32-81] Processed net cnn0/polling_output_reg[2]_127[4]. Replicated 4 times.
INFO: [Physopt 32-81] Processed net cnn0/polling_output_reg[2]_127[0]. Replicated 4 times.
INFO: [Physopt 32-81] Processed net cnn0/polling_output_reg[3]_128[8]. Replicated 5 times.
INFO: [Physopt 32-81] Processed net cnn0/polling_output_reg[2]_127[7]. Replicated 4 times.
INFO: [Physopt 32-81] Processed net cnn0/polling_output_reg[1]_126[1]. Replicated 3 times.
INFO: [Physopt 32-81] Processed net cnn0/polling_output_reg[3]_128[6]. Replicated 5 times.
INFO: [Physopt 32-81] Processed net cnn0/polling_output_reg[0]_129[0]. Replicated 4 times.
INFO: [Physopt 32-81] Processed net cnn0/polling_output_reg[0]_129[7]. Replicated 2 times.
INFO: [Physopt 32-81] Processed net cnn0/polling_output_reg[2]_127[3]. Replicated 4 times.
INFO: [Physopt 32-81] Processed net cnn0/polling_output_reg[1]_126[6]. Replicated 3 times.
INFO: [Physopt 32-81] Processed net cnn0/polling_output_reg[1]_126[10]. Replicated 2 times.
INFO: [Physopt 32-81] Processed net cnn0/polling_output_reg[1]_126[7]. Replicated 2 times.
INFO: [Physopt 32-81] Processed net cnn0/polling_output_reg[1]_126[4]. Replicated 3 times.
INFO: [Physopt 32-81] Processed net cnn0/polling_output_reg[0]_129[8]. Replicated 3 times.
INFO: [Physopt 32-81] Processed net cnn0/polling_output_reg[1]_126[0]. Replicated 2 times.
INFO: [Physopt 32-81] Processed net cnn0/polling_output_reg[3]_128[1]. Replicated 4 times.
INFO: [Physopt 32-81] Processed net cnn0/polling_output_reg[1]_126[2]. Replicated 3 times.
INFO: [Physopt 32-81] Processed net cnn0/polling_output_reg[1]_126[5]. Replicated 2 times.
INFO: [Physopt 32-81] Processed net cnn0/polling_output_reg[3]_128[2]. Replicated 4 times.
INFO: [Physopt 32-81] Processed net cnn0/polling_output_reg[1]_126[3]. Replicated 3 times.
INFO: [Physopt 32-81] Processed net cnn0/polling_output_reg[1]_126[9]. Replicated 2 times.
INFO: [Physopt 32-81] Processed net cnn0/polling_output_reg[0]_129[9]. Replicated 3 times.
INFO: [Physopt 32-81] Processed net cnn0/polling_output_reg[3]_128[3]. Replicated 4 times.
INFO: [Physopt 32-81] Processed net cnn0/polling_output_reg[3]_128[5]. Replicated 4 times.
INFO: [Physopt 32-81] Processed net cnn0/polling_output_reg[3]_128[4]. Replicated 4 times.
INFO: [Physopt 32-81] Processed net cnn0/polling_output_reg[3]_128[7]. Replicated 4 times.
INFO: [Physopt 32-81] Processed net cnn0/polling_output_reg[1]_126[8]. Replicated 2 times.
INFO: [Physopt 32-81] Processed net cnn0/polling_output_reg[3]_128[0]. Replicated 4 times.
INFO: [Physopt 32-81] Processed net cnn0/polling_output_reg[0]_129[10]. Replicated 3 times.
INFO: [Physopt 32-232] Optimized 44 nets. Created 145 new instances.
INFO: [Physopt 32-775] End 1 Pass. Optimized 44 nets or cells. Created 145 new cells, deleted 0 existing cell and moved 0 existing cell
Netlist sorting complete. Time (s): cpu = 00:00:00.02 ; elapsed = 00:00:00.02 . Memory (MB): peak = 2836.824 ; gain = 0.000 ; free physical = 5844 ; free virtual = 27383
INFO: [Physopt 32-456] No candidate cells for DSP register optimization found in the design.
INFO: [Physopt 32-775] End 2 Pass. Optimized 0 net or cell. Created 0 new cell, deleted 0 existing cell and moved 0 existing cell
INFO: [Physopt 32-1123] No candidate cells found for Shift Register to Pipeline optimization
INFO: [Physopt 32-775] End 2 Pass. Optimized 0 net or cell. Created 0 new cell, deleted 0 existing cell and moved 0 existing cell
INFO: [Physopt 32-1401] No candidate cells found for Shift Register optimization.
INFO: [Physopt 32-677] No candidate cells for Shift Register optimization found in the design
INFO: [Physopt 32-775] End 1 Pass. Optimized 0 net or cell. Created 0 new cell, deleted 0 existing cell and moved 0 existing cell
INFO: [Physopt 32-526] No candidate cells for BRAM register optimization found in the design
INFO: [Physopt 32-775] End 1 Pass. Optimized 0 net or cell. Created 0 new cell, deleted 0 existing cell and moved 0 existing cell
INFO: [Physopt 32-846] No candidate cells for URAM register optimization found in the design
INFO: [Physopt 32-775] End 1 Pass. Optimized 0 net or cell. Created 0 new cell, deleted 0 existing cell and moved 0 existing cell
INFO: [Physopt 32-846] No candidate cells for URAM register optimization found in the design
INFO: [Physopt 32-775] End 1 Pass. Optimized 0 net or cell. Created 0 new cell, deleted 0 existing cell and moved 0 existing cell
INFO: [Physopt 32-949] No candidate nets found for dynamic/static region interface net replication
INFO: [Physopt 32-775] End 1 Pass. Optimized 0 net or cell. Created 0 new cell, deleted 0 existing cell and moved 0 existing cell
Netlist sorting complete. Time (s): cpu = 00:00:00 ; elapsed = 00:00:00 . Memory (MB): peak = 2836.824 ; gain = 0.000 ; free physical = 5844 ; free virtual = 27383

Summary of Physical Synthesis Optimizations
============================================


-----------------------------------------------------------------------------------------------------------------------------------------------------------
|  Optimization                                     |  Added Cells  |  Removed Cells  |  Optimized Cells/Nets  |  Dont Touch  |  Iterations  |  Elapsed   |
-----------------------------------------------------------------------------------------------------------------------------------------------------------
|  LUT Combining                                    |          465  |             44  |                   509  |           0  |           1  |  00:00:00  |
|  Retime                                           |            0  |              0  |                     0  |           0  |           1  |  00:00:00  |
|  Very High Fanout                                 |            0  |              0  |                     0  |           0  |           1  |  00:00:00  |
|  Critical Cell                                    |          145  |              0  |                    44  |           0  |           1  |  00:00:01  |
|  DSP Register                                     |            0  |              0  |                     0  |           0  |           1  |  00:00:00  |
|  Shift Register to Pipeline                       |            0  |              0  |                     0  |           0  |           1  |  00:00:00  |
|  Shift Register                                   |            0  |              0  |                     0  |           0  |           1  |  00:00:00  |
|  BRAM Register                                    |            0  |              0  |                     0  |           0  |           1  |  00:00:00  |
|  URAM Register                                    |            0  |              0  |                     0  |           0  |           1  |  00:00:00  |
|  Dynamic/Static Region Interface Net Replication  |            0  |              0  |                     0  |           0  |           1  |  00:00:00  |
|  Total                                            |          610  |             44  |                   553  |           0  |          10  |  00:00:01  |
-----------------------------------------------------------------------------------------------------------------------------------------------------------


Phase 2.5.2 Physical Synthesis In Placer | Checksum: 18de2fdb0

Time (s): cpu = 00:00:25 ; elapsed = 00:00:08 . Memory (MB): peak = 2836.824 ; gain = 0.000 ; free physical = 5847 ; free virtual = 27386
Phase 2.5 Global Place Phase2 | Checksum: 232700d5c

Time (s): cpu = 00:00:26 ; elapsed = 00:00:08 . Memory (MB): peak = 2836.824 ; gain = 0.000 ; free physical = 5847 ; free virtual = 27386
Phase 2 Global Placement | Checksum: 232700d5c

Time (s): cpu = 00:00:26 ; elapsed = 00:00:08 . Memory (MB): peak = 2836.824 ; gain = 0.000 ; free physical = 5847 ; free virtual = 27386

Phase 3 Detail Placement

Phase 3.1 Commit Multi Column Macros
Phase 3.1 Commit Multi Column Macros | Checksum: 21cb4bdc4

Time (s): cpu = 00:00:27 ; elapsed = 00:00:08 . Memory (MB): peak = 2836.824 ; gain = 0.000 ; free physical = 5847 ; free virtual = 27386

Phase 3.2 Commit Most Macros & LUTRAMs
Phase 3.2 Commit Most Macros & LUTRAMs | Checksum: 2303b0b3a

Time (s): cpu = 00:00:29 ; elapsed = 00:00:09 . Memory (MB): peak = 2836.824 ; gain = 0.000 ; free physical = 5847 ; free virtual = 27386

Phase 3.3 Area Swap Optimization
Phase 3.3 Area Swap Optimization | Checksum: 27d459d8d

Time (s): cpu = 00:00:29 ; elapsed = 00:00:09 . Memory (MB): peak = 2836.824 ; gain = 0.000 ; free physical = 5850 ; free virtual = 27390

Phase 3.4 Pipeline Register Optimization
Phase 3.4 Pipeline Register Optimization | Checksum: 28c6b8274

Time (s): cpu = 00:00:29 ; elapsed = 00:00:09 . Memory (MB): peak = 2836.824 ; gain = 0.000 ; free physical = 5851 ; free virtual = 27390

Phase 3.5 Fast Optimization
Phase 3.5 Fast Optimization | Checksum: 2e75d13cd

Time (s): cpu = 00:00:32 ; elapsed = 00:00:10 . Memory (MB): peak = 2836.824 ; gain = 0.000 ; free physical = 5842 ; free virtual = 27381

Phase 3.6 Small Shape Detail Placement
Phase 3.6 Small Shape Detail Placement | Checksum: 247c95bdf

Time (s): cpu = 00:00:34 ; elapsed = 00:00:12 . Memory (MB): peak = 2836.824 ; gain = 0.000 ; free physical = 5844 ; free virtual = 27383

Phase 3.7 Re-assign LUT pins
Phase 3.7 Re-assign LUT pins | Checksum: 28ece1f75

Time (s): cpu = 00:00:34 ; elapsed = 00:00:12 . Memory (MB): peak = 2836.824 ; gain = 0.000 ; free physical = 5844 ; free virtual = 27383

Phase 3.8 Pipeline Register Optimization
Phase 3.8 Pipeline Register Optimization | Checksum: 1f836ed9e

Time (s): cpu = 00:00:34 ; elapsed = 00:00:12 . Memory (MB): peak = 2836.824 ; gain = 0.000 ; free physical = 5844 ; free virtual = 27383

Phase 3.9 Fast Optimization
Phase 3.9 Fast Optimization | Checksum: 2cff238ec

Time (s): cpu = 00:00:39 ; elapsed = 00:00:15 . Memory (MB): peak = 2836.824 ; gain = 0.000 ; free physical = 5846 ; free virtual = 27385
Phase 3 Detail Placement | Checksum: 2cff238ec

Time (s): cpu = 00:00:39 ; elapsed = 00:00:15 . Memory (MB): peak = 2836.824 ; gain = 0.000 ; free physical = 5846 ; free virtual = 27385

Phase 4 Post Placement Optimization and Clean-Up

Phase 4.1 Post Commit Optimization
INFO: [Timing 38-35] Done setting XDC timing constraints.

Phase 4.1.1 Post Placement Optimization
Post Placement Optimization Initialization | Checksum: 2cb9d58f3

Phase 4.1.1.1 BUFG Insertion

Starting Physical Synthesis Task

Phase 1 Physical Synthesis Initialization
INFO: [Physopt 32-721] Multithreading enabled for phys_opt_design using a maximum of 8 CPUs
INFO: [Physopt 32-619] Estimated Timing Summary | WNS=-4.935 | TNS=-762.561 |
Phase 1 Physical Synthesis Initialization | Checksum: 2062ad0b8

Time (s): cpu = 00:00:00.52 ; elapsed = 00:00:00.14 . Memory (MB): peak = 2836.824 ; gain = 0.000 ; free physical = 5846 ; free virtual = 27385
INFO: [Place 46-33] Processed net cnn0/rstn, BUFG insertion was skipped due to placement/routing conflicts.
INFO: [Place 46-56] BUFG insertion identified 1 candidate nets. Inserted BUFG: 0, Replicated BUFG Driver: 0, Skipped due to Placement/Routing Conflicts: 1, Skipped due to Timing Degradation: 0, Skipped due to netlist editing failed: 0.
Ending Physical Synthesis Task | Checksum: 303d5a2fb

Time (s): cpu = 00:00:00.85 ; elapsed = 00:00:00.25 . Memory (MB): peak = 2836.824 ; gain = 0.000 ; free physical = 5846 ; free virtual = 27385
Phase 4.1.1.1 BUFG Insertion | Checksum: 2cb9d58f3

Time (s): cpu = 00:00:43 ; elapsed = 00:00:15 . Memory (MB): peak = 2836.824 ; gain = 0.000 ; free physical = 5846 ; free virtual = 27385

Phase 4.1.1.2 Post Placement Timing Optimization
INFO: [Place 30-746] Post Placement Timing Summary WNS=-4.847. For the most accurate timing information please run report_timing.
Phase 4.1.1.2 Post Placement Timing Optimization | Checksum: 1a6b3b298

Time (s): cpu = 00:01:13 ; elapsed = 00:00:41 . Memory (MB): peak = 2836.824 ; gain = 0.000 ; free physical = 5882 ; free virtual = 27418

Time (s): cpu = 00:01:13 ; elapsed = 00:00:41 . Memory (MB): peak = 2836.824 ; gain = 0.000 ; free physical = 5882 ; free virtual = 27418
Phase 4.1 Post Commit Optimization | Checksum: 1a6b3b298

Time (s): cpu = 00:01:13 ; elapsed = 00:00:41 . Memory (MB): peak = 2836.824 ; gain = 0.000 ; free physical = 5882 ; free virtual = 27418

Phase 4.2 Post Placement Cleanup
Phase 4.2 Post Placement Cleanup | Checksum: 1a6b3b298

Time (s): cpu = 00:01:13 ; elapsed = 00:00:41 . Memory (MB): peak = 2836.824 ; gain = 0.000 ; free physical = 5882 ; free virtual = 27418

Phase 4.3 Placer Reporting

Phase 4.3.1 Print Estimated Congestion
INFO: [Place 30-612] Post-Placement Estimated Congestion 
 ____________________________________________________
|           | Global Congestion | Short Congestion  |
| Direction | Region Size       | Region Size       |
|___________|___________________|___________________|
|      North|                1x1|                2x2|
|___________|___________________|___________________|
|      South|                1x1|                4x4|
|___________|___________________|___________________|
|       East|                1x1|                4x4|
|___________|___________________|___________________|
|       West|                1x1|                1x1|
|___________|___________________|___________________|

Phase 4.3.1 Print Estimated Congestion | Checksum: 1a6b3b298

Time (s): cpu = 00:01:13 ; elapsed = 00:00:42 . Memory (MB): peak = 2836.824 ; gain = 0.000 ; free physical = 5882 ; free virtual = 27418
Phase 4.3 Placer Reporting | Checksum: 1a6b3b298

Time (s): cpu = 00:01:14 ; elapsed = 00:00:42 . Memory (MB): peak = 2836.824 ; gain = 0.000 ; free physical = 5882 ; free virtual = 27418

Phase 4.4 Final Placement Cleanup
Netlist sorting complete. Time (s): cpu = 00:00:00.01 ; elapsed = 00:00:00.01 . Memory (MB): peak = 2836.824 ; gain = 0.000 ; free physical = 5882 ; free virtual = 27418

Time (s): cpu = 00:01:14 ; elapsed = 00:00:42 . Memory (MB): peak = 2836.824 ; gain = 0.000 ; free physical = 5882 ; free virtual = 27418
Phase 4 Post Placement Optimization and Clean-Up | Checksum: 1a1ebb4d2

Time (s): cpu = 00:01:14 ; elapsed = 00:00:42 . Memory (MB): peak = 2836.824 ; gain = 0.000 ; free physical = 5882 ; free virtual = 27418
Ending Placer Task | Checksum: 14dbe24a2

Time (s): cpu = 00:01:14 ; elapsed = 00:00:42 . Memory (MB): peak = 2836.824 ; gain = 0.000 ; free physical = 5882 ; free virtual = 27418
131 Infos, 3 Warnings, 0 Critical Warnings and 0 Errors encountered.
place_design completed successfully
place_design: Time (s): cpu = 00:01:17 ; elapsed = 00:00:42 . Memory (MB): peak = 2836.824 ; gain = 0.000 ; free physical = 5882 ; free virtual = 27418
INFO: [Vivado 12-24838] Running report commands "report_control_sets, report_io, report_utilization" in parallel.
Running report generation with 3 threads.
INFO: [Vivado 12-24828] Executing command : report_control_sets -verbose -file OV_VGA_control_sets_placed.rpt
report_control_sets: Time (s): cpu = 00:00:00.09 ; elapsed = 00:00:00.07 . Memory (MB): peak = 2836.824 ; gain = 0.000 ; free physical = 5874 ; free virtual = 27409
INFO: [Vivado 12-24828] Executing command : report_io -file OV_VGA_io_placed.rpt
report_io: Time (s): cpu = 00:00:00.17 ; elapsed = 00:00:00.12 . Memory (MB): peak = 2836.824 ; gain = 0.000 ; free physical = 5879 ; free virtual = 27415
INFO: [Vivado 12-24828] Executing command : report_utilization -file OV_VGA_utilization_placed.rpt -pb OV_VGA_utilization_placed.pb
INFO: [Timing 38-480] Writing timing data to binary archive.
Write ShapeDB Complete: Time (s): cpu = 00:00:00.14 ; elapsed = 00:00:00.03 . Memory (MB): peak = 2836.824 ; gain = 0.000 ; free physical = 5870 ; free virtual = 27407
Wrote PlaceDB: Time (s): cpu = 00:00:01 ; elapsed = 00:00:00.48 . Memory (MB): peak = 2836.824 ; gain = 0.000 ; free physical = 5840 ; free virtual = 27388
Wrote PulsedLatchDB: Time (s): cpu = 00:00:00 ; elapsed = 00:00:00 . Memory (MB): peak = 2836.824 ; gain = 0.000 ; free physical = 5840 ; free virtual = 27388
Writing XDEF routing.
Writing XDEF routing logical nets.
Writing XDEF routing special nets.
Wrote RouteStorage: Time (s): cpu = 00:00:00.01 ; elapsed = 00:00:00.01 . Memory (MB): peak = 2836.824 ; gain = 0.000 ; free physical = 5840 ; free virtual = 27388
Wrote Netlist Cache: Time (s): cpu = 00:00:00.01 ; elapsed = 00:00:00.01 . Memory (MB): peak = 2836.824 ; gain = 0.000 ; free physical = 5840 ; free virtual = 27389
Wrote Device Cache: Time (s): cpu = 00:00:00 ; elapsed = 00:00:00.01 . Memory (MB): peak = 2836.824 ; gain = 0.000 ; free physical = 5840 ; free virtual = 27389
Write Physdb Complete: Time (s): cpu = 00:00:01 ; elapsed = 00:00:00.51 . Memory (MB): peak = 2836.824 ; gain = 0.000 ; free physical = 5840 ; free virtual = 27389
INFO: [Common 17-1381] The checkpoint '/home/jsh-laptop/workspace_ondevice_2/fpga/self_study/project_Guess_Number/project_Guess_Number.runs/impl_1/OV_VGA_placed.dcp' has been generated.
Command: phys_opt_design
Attempting to get a license for feature 'Implementation' and/or device 'xc7a35t'
INFO: [Common 17-349] Got license for feature 'Implementation' and/or device 'xc7a35t'

Starting Initial Update Timing Task

Time (s): cpu = 00:00:03 ; elapsed = 00:00:00.64 . Memory (MB): peak = 2836.824 ; gain = 0.000 ; free physical = 5845 ; free virtual = 27384
INFO: [Vivado_Tcl 4-1435] PhysOpt_Tcl_Interface Runtime Before Starting Physical Synthesis Task | CPU: 2.87s |  WALL: 0.68s
Netlist sorting complete. Time (s): cpu = 00:00:00 ; elapsed = 00:00:00 . Memory (MB): peak = 2836.824 ; gain = 0.000 ; free physical = 5845 ; free virtual = 27384

Starting Physical Synthesis Task

Phase 1 Physical Synthesis Initialization
INFO: [Physopt 32-721] Multithreading enabled for phys_opt_design using a maximum of 8 CPUs
INFO: [Physopt 32-619] Estimated Timing Summary | WNS=-4.847 | TNS=-650.617 |
Phase 1 Physical Synthesis Initialization | Checksum: 140e73671

Time (s): cpu = 00:00:02 ; elapsed = 00:00:00.56 . Memory (MB): peak = 2836.824 ; gain = 0.000 ; free physical = 5845 ; free virtual = 27384
INFO: [Physopt 32-619] Estimated Timing Summary | WNS=-4.847 | TNS=-650.617 |

Phase 2 DSP Register Optimization
INFO: [Physopt 32-456] No candidate cells for DSP register optimization found in the design.
INFO: [Physopt 32-775] End 2 Pass. Optimized 0 net or cell. Created 0 new cell, deleted 0 existing cell and moved 0 existing cell
Phase 2 DSP Register Optimization | Checksum: 140e73671

Time (s): cpu = 00:00:02 ; elapsed = 00:00:00.6 . Memory (MB): peak = 2836.824 ; gain = 0.000 ; free physical = 5845 ; free virtual = 27384

Phase 3 Critical Path Optimization
INFO: [Physopt 32-619] Estimated Timing Summary | WNS=-4.847 | TNS=-650.617 |
INFO: [Physopt 32-663] Processed net b0/room_ff_reg_n_0_[0].  Re-placed instance b0/room_ff_reg[0]
INFO: [Physopt 32-735] Processed net b0/room_ff_reg_n_0_[0]. Optimization improves timing on the net.
INFO: [Physopt 32-619] Estimated Timing Summary | WNS=-4.832 | TNS=-650.602 |
INFO: [Physopt 32-702] Processed net b0/room_ff_reg_n_0_[0]. Optimizations did not improve timing on the net.
INFO: [Physopt 32-663] Processed net Icv0/main_bus\\.room_chk.  Re-placed instance Icv0/m\\.room_chk_reg
INFO: [Physopt 32-735] Processed net Icv0/main_bus\\.room_chk. Optimization improves timing on the net.
INFO: [Physopt 32-619] Estimated Timing Summary | WNS=-4.828 | TNS=-650.598 |
INFO: [Physopt 32-81] Processed net Icv0/main_bus\\.room_chk. Replicated 1 times.
INFO: [Physopt 32-735] Processed net Icv0/main_bus\\.room_chk. Optimization improves timing on the net.
INFO: [Physopt 32-619] Estimated Timing Summary | WNS=-4.769 | TNS=-650.539 |
INFO: [Physopt 32-702] Processed net Icv0/main_bus\\.room_chk_repN. Optimizations did not improve timing on the net.
INFO: [Physopt 32-702] Processed net PCLK_IBUF. Optimizations did not improve timing on the net.
INFO: [Physopt 32-702] Processed net PCLK. Optimizations did not improve timing on the net.
INFO: [Physopt 32-702] Processed net cnn0/temp_result_reg[2]_136[38]. Optimizations did not improve timing on the net.
INFO: [Physopt 32-81] Processed net cnn0/fc_idx_reg[0]_rep__0_n_0. Replicated 7 times.
INFO: [Physopt 32-735] Processed net cnn0/fc_idx_reg[0]_rep__0_n_0. Optimization improves timing on the net.
INFO: [Physopt 32-619] Estimated Timing Summary | WNS=-4.769 | TNS=-649.011 |
INFO: [Physopt 32-81] Processed net cnn0/fc_idx_reg[0]_rep__0_n_0_repN. Replicated 3 times.
INFO: [Physopt 32-735] Processed net cnn0/fc_idx_reg[0]_rep__0_n_0_repN. Optimization improves timing on the net.
INFO: [Physopt 32-619] Estimated Timing Summary | WNS=-4.769 | TNS=-648.767 |
INFO: [Physopt 32-702] Processed net cnn0/temp_result_reg[8]_146[28]. Optimizations did not improve timing on the net.
INFO: [Physopt 32-81] Processed net cnn0/fc_idx_reg[0]_rep__11_n_0. Replicated 6 times.
INFO: [Physopt 32-735] Processed net cnn0/fc_idx_reg[0]_rep__11_n_0. Optimization improves timing on the net.
INFO: [Physopt 32-619] Estimated Timing Summary | WNS=-4.769 | TNS=-647.965 |
INFO: [Physopt 32-702] Processed net cnn0/temp_result_reg[4]_142[25]. Optimizations did not improve timing on the net.
INFO: [Physopt 32-81] Processed net cnn0/fc_idx_reg[1]_rep__12_n_0. Replicated 8 times.
INFO: [Physopt 32-735] Processed net cnn0/fc_idx_reg[1]_rep__12_n_0. Optimization improves timing on the net.
INFO: [Physopt 32-619] Estimated Timing Summary | WNS=-4.769 | TNS=-645.662 |
INFO: [Physopt 32-702] Processed net cnn0/temp_result_reg[9]_148[25]. Optimizations did not improve timing on the net.
INFO: [Physopt 32-81] Processed net cnn0/fc_idx_reg[0]_rep__13_n_0. Replicated 6 times.
INFO: [Physopt 32-735] Processed net cnn0/fc_idx_reg[0]_rep__13_n_0. Optimization improves timing on the net.
INFO: [Physopt 32-619] Estimated Timing Summary | WNS=-4.769 | TNS=-645.512 |
INFO: [Physopt 32-702] Processed net cnn0/temp_result_reg[5]_144[25]. Optimizations did not improve timing on the net.
INFO: [Physopt 32-81] Processed net cnn0/fc_idx_reg[2]_rep__8_n_0. Replicated 7 times.
INFO: [Physopt 32-735] Processed net cnn0/fc_idx_reg[2]_rep__8_n_0. Optimization improves timing on the net.
INFO: [Physopt 32-619] Estimated Timing Summary | WNS=-4.769 | TNS=-645.254 |
INFO: [Physopt 32-81] Processed net cnn0/fc_idx_reg[0]_rep__1_n_0. Replicated 7 times.
INFO: [Physopt 32-735] Processed net cnn0/fc_idx_reg[0]_rep__1_n_0. Optimization improves timing on the net.
INFO: [Physopt 32-619] Estimated Timing Summary | WNS=-4.769 | TNS=-644.148 |
INFO: [Physopt 32-81] Processed net cnn0/fc_idx_reg[1]_rep__7_n_0. Replicated 6 times.
INFO: [Physopt 32-735] Processed net cnn0/fc_idx_reg[1]_rep__7_n_0. Optimization improves timing on the net.
INFO: [Physopt 32-619] Estimated Timing Summary | WNS=-4.769 | TNS=-643.976 |
INFO: [Physopt 32-81] Processed net cnn0/fc_idx_reg[1]_rep__9_n_0. Replicated 6 times.
INFO: [Physopt 32-735] Processed net cnn0/fc_idx_reg[1]_rep__9_n_0. Optimization improves timing on the net.
INFO: [Physopt 32-619] Estimated Timing Summary | WNS=-4.769 | TNS=-643.492 |
INFO: [Physopt 32-81] Processed net cnn0/fc_idx_reg[0]_rep__13_n_0_repN_1. Replicated 3 times.
INFO: [Physopt 32-735] Processed net cnn0/fc_idx_reg[0]_rep__13_n_0_repN_1. Optimization improves timing on the net.
INFO: [Physopt 32-619] Estimated Timing Summary | WNS=-4.769 | TNS=-643.210 |
INFO: [Physopt 32-81] Processed net cnn0/fc_idx_reg[1]_rep__4_n_0. Replicated 7 times.
INFO: [Physopt 32-735] Processed net cnn0/fc_idx_reg[1]_rep__4_n_0. Optimization improves timing on the net.
INFO: [Physopt 32-619] Estimated Timing Summary | WNS=-4.769 | TNS=-643.460 |
INFO: [Physopt 32-702] Processed net cnn0/temp_result_reg[3]_134[26]. Optimizations did not improve timing on the net.
INFO: [Physopt 32-81] Processed net cnn0/fc_idx_reg[1]_rep__1_n_0. Replicated 8 times.
INFO: [Physopt 32-735] Processed net cnn0/fc_idx_reg[1]_rep__1_n_0. Optimization improves timing on the net.
INFO: [Physopt 32-619] Estimated Timing Summary | WNS=-4.769 | TNS=-641.756 |
INFO: [Physopt 32-702] Processed net cnn0/temp_result_reg[1]_132[24]. Optimizations did not improve timing on the net.
INFO: [Physopt 32-81] Processed net cnn0/fc_idx_reg[0]_rep__2_n_0. Replicated 8 times.
INFO: [Physopt 32-735] Processed net cnn0/fc_idx_reg[0]_rep__2_n_0. Optimization improves timing on the net.
INFO: [Physopt 32-619] Estimated Timing Summary | WNS=-4.769 | TNS=-639.476 |
INFO: [Physopt 32-702] Processed net b0/room_ff_reg_n_0_[0]. Optimizations did not improve timing on the net.
INFO: [Physopt 32-702] Processed net Icv0/main_bus\\.room_chk_repN. Optimizations did not improve timing on the net.
INFO: [Physopt 32-702] Processed net PCLK_IBUF. Optimizations did not improve timing on the net.
INFO: [Physopt 32-702] Processed net PCLK. Optimizations did not improve timing on the net.
INFO: [Physopt 32-702] Processed net cnn0/temp_result_reg[2]_136[38]. Optimizations did not improve timing on the net.
INFO: [Physopt 32-702] Processed net cnn0/fc_idx_reg[1]_rep__4_n_0_repN. Optimizations did not improve timing on the net.
INFO: [Physopt 32-702] Processed net cnn0/temp_result_reg[2][38]_i_2_n_3. Optimizations did not improve timing on the net.
INFO: [Physopt 32-608] Optimized 1 net.  Swapped 22 pins.
INFO: [Physopt 32-735] Processed net cnn0/temp_result[2][19]_i_6_n_0. Optimization improves timing on the net.
INFO: [Physopt 32-619] Estimated Timing Summary | WNS=-4.769 | TNS=-638.054 |
INFO: [Physopt 32-702] Processed net cnn0/temp_result_reg[9]_148[25]. Optimizations did not improve timing on the net.
INFO: [Physopt 32-663] Processed net cnn0/fc_idx_reg[2]_rep__13_n_0.  Re-placed instance cnn0/fc_idx_reg[2]_rep__13
INFO: [Physopt 32-735] Processed net cnn0/fc_idx_reg[2]_rep__13_n_0. Optimization improves timing on the net.
INFO: [Physopt 32-619] Estimated Timing Summary | WNS=-4.769 | TNS=-637.674 |
INFO: [Physopt 32-702] Processed net cnn0/temp_result_reg[8]_146[28]. Optimizations did not improve timing on the net.
INFO: [Physopt 32-702] Processed net cnn0/fc_idx_reg[0]_rep__12_n_0. Optimizations did not improve timing on the net.
INFO: [Physopt 32-702] Processed net cnn0/temp_result_reg[8][38]_i_2_n_7. Optimizations did not improve timing on the net.
INFO: [Physopt 32-702] Processed net cnn0/temp_result[8][7]_i_10_n_0. Optimizations did not improve timing on the net.
INFO: [Physopt 32-608] Optimized 1 net.  Swapped 16 pins.
INFO: [Physopt 32-735] Processed net cnn0/temp_result[8][7]_i_6_n_0. Optimization improves timing on the net.
INFO: [Physopt 32-619] Estimated Timing Summary | WNS=-4.769 | TNS=-637.578 |
INFO: [Physopt 32-702] Processed net cnn0/temp_result[8][23]_i_9_n_0. Optimizations did not improve timing on the net.
INFO: [Physopt 32-702] Processed net cnn0/temp_result[8][23]_i_5_n_0. Optimizations did not improve timing on the net.
INFO: [Physopt 32-663] Processed net cnn0/temp_result[8][23]_i_13_n_0.  Re-placed instance cnn0/temp_result[8][23]_i_13
INFO: [Physopt 32-735] Processed net cnn0/temp_result[8][23]_i_13_n_0. Optimization improves timing on the net.
INFO: [Physopt 32-619] Estimated Timing Summary | WNS=-4.769 | TNS=-637.554 |
INFO: [Physopt 32-702] Processed net cnn0/temp_result[8][7]_i_6_n_0. Optimizations did not improve timing on the net.
INFO: [Physopt 32-702] Processed net cnn0/temp_result[8][7]_i_14_n_0. Optimizations did not improve timing on the net.
INFO: [Physopt 32-702] Processed net cnn0/temp_result[8][28]_i_1_n_0. Optimizations did not improve timing on the net.
INFO: [Physopt 32-663] Processed net cnn0/p_0_out__29_i_1_n_0.  Re-placed instance cnn0/p_0_out__29_i_1
INFO: [Physopt 32-735] Processed net cnn0/p_0_out__29_i_1_n_0. Optimization improves timing on the net.
INFO: [Physopt 32-619] Estimated Timing Summary | WNS=-4.769 | TNS=-637.506 |
INFO: [Physopt 32-663] Processed net cnn0/fc_idx_reg[1]_rep__8_n_0.  Re-placed instance cnn0/fc_idx_reg[1]_rep__8
INFO: [Physopt 32-735] Processed net cnn0/fc_idx_reg[1]_rep__8_n_0. Optimization improves timing on the net.
INFO: [Physopt 32-619] Estimated Timing Summary | WNS=-4.769 | TNS=-637.506 |
INFO: [Physopt 32-702] Processed net cnn0/p_0_out__29_i_3_n_0. Optimizations did not improve timing on the net.
INFO: [Physopt 32-702] Processed net cnn0/p_0_out__29_i_12_n_0. Optimizations did not improve timing on the net.
INFO: [Physopt 32-702] Processed net cnn0/p_0_out__29_i_22_n_0. Optimizations did not improve timing on the net.
INFO: [Physopt 32-663] Processed net cnn0/g7_b3__13_n_0.  Re-placed instance cnn0/g7_b3__13
INFO: [Physopt 32-735] Processed net cnn0/g7_b3__13_n_0. Optimization improves timing on the net.
INFO: [Physopt 32-619] Estimated Timing Summary | WNS=-4.769 | TNS=-637.172 |
INFO: [Physopt 32-702] Processed net cnn0/temp_result_reg[6]_138[28]. Optimizations did not improve timing on the net.
INFO: [Physopt 32-663] Processed net cnn0/fc_idx_reg[1]_rep__14_n_0.  Re-placed instance cnn0/fc_idx_reg[1]_rep__14
INFO: [Physopt 32-735] Processed net cnn0/fc_idx_reg[1]_rep__14_n_0. Optimization improves timing on the net.
INFO: [Physopt 32-619] Estimated Timing Summary | WNS=-4.769 | TNS=-636.263 |
INFO: [Physopt 32-702] Processed net cnn0/temp_result_reg[5]_144[25]. Optimizations did not improve timing on the net.
INFO: [Physopt 32-663] Processed net cnn0/fc_idx_reg[1]_rep__10_n_0.  Re-placed instance cnn0/fc_idx_reg[1]_rep__10
INFO: [Physopt 32-735] Processed net cnn0/fc_idx_reg[1]_rep__10_n_0. Optimization improves timing on the net.
INFO: [Physopt 32-619] Estimated Timing Summary | WNS=-4.769 | TNS=-636.163 |
INFO: [Physopt 32-702] Processed net cnn0/temp_result_reg[1]_132[24]. Optimizations did not improve timing on the net.
INFO: [Physopt 32-663] Processed net cnn0/fc_idx_reg[1]_rep__2_n_0.  Re-placed instance cnn0/fc_idx_reg[1]_rep__2
INFO: [Physopt 32-735] Processed net cnn0/fc_idx_reg[1]_rep__2_n_0. Optimization improves timing on the net.
INFO: [Physopt 32-619] Estimated Timing Summary | WNS=-4.769 | TNS=-636.069 |
INFO: [Physopt 32-619] Estimated Timing Summary | WNS=-4.769 | TNS=-636.069 |
Netlist sorting complete. Time (s): cpu = 00:00:00.04 ; elapsed = 00:00:00.04 . Memory (MB): peak = 2836.824 ; gain = 0.000 ; free physical = 5861 ; free virtual = 27400
Phase 3 Critical Path Optimization | Checksum: 11447e49a

Time (s): cpu = 00:00:32 ; elapsed = 00:00:09 . Memory (MB): peak = 2836.824 ; gain = 0.000 ; free physical = 5861 ; free virtual = 27400

Phase 4 Critical Path Optimization
INFO: [Physopt 32-619] Estimated Timing Summary | WNS=-4.769 | TNS=-636.069 |
INFO: [Physopt 32-702] Processed net b0/room_ff_reg_n_0_[0]. Optimizations did not improve timing on the net.
INFO: [Physopt 32-702] Processed net Icv0/main_bus\\.room_chk_repN. Optimizations did not improve timing on the net.
INFO: [Physopt 32-702] Processed net PCLK_IBUF. Optimizations did not improve timing on the net.
INFO: [Physopt 32-702] Processed net PCLK. Optimizations did not improve timing on the net.
INFO: [Physopt 32-702] Processed net cnn0/temp_result_reg[1]_132[24]. Optimizations did not improve timing on the net.
INFO: [Physopt 32-81] Processed net cnn0/fc_idx_reg[2]_rep__1_n_0. Replicated 6 times.
INFO: [Physopt 32-735] Processed net cnn0/fc_idx_reg[2]_rep__1_n_0. Optimization improves timing on the net.
INFO: [Physopt 32-619] Estimated Timing Summary | WNS=-4.769 | TNS=-635.893 |
INFO: [Physopt 32-702] Processed net cnn0/temp_result_reg[7]_140[29]. Optimizations did not improve timing on the net.
INFO: [Physopt 32-81] Processed net cnn0/fc_idx_reg[0]_rep__8_n_0. Replicated 8 times.
INFO: [Physopt 32-735] Processed net cnn0/fc_idx_reg[0]_rep__8_n_0. Optimization improves timing on the net.
INFO: [Physopt 32-619] Estimated Timing Summary | WNS=-4.769 | TNS=-635.402 |
INFO: [Physopt 32-702] Processed net cnn0/temp_result_reg[9]_148[25]. Optimizations did not improve timing on the net.
INFO: [Physopt 32-702] Processed net cnn0/fc_idx_reg[0]_rep__13_n_0_repN_6. Optimizations did not improve timing on the net.
INFO: [Physopt 32-702] Processed net cnn0/temp_result_reg[9][27]_i_2_n_6. Optimizations did not improve timing on the net.
INFO: [Physopt 32-702] Processed net cnn0/temp_result_reg[9][23]_i_2_n_0. Optimizations did not improve timing on the net.
INFO: [Physopt 32-702] Processed net cnn0/temp_result_reg[9][19]_i_2_n_0. Optimizations did not improve timing on the net.
INFO: [Physopt 32-702] Processed net cnn0/temp_result_reg[9][15]_i_2_n_0. Optimizations did not improve timing on the net.
INFO: [Physopt 32-702] Processed net cnn0/temp_result_reg[9][11]_i_2_n_0. Optimizations did not improve timing on the net.
INFO: [Physopt 32-702] Processed net cnn0/temp_result_reg[9][7]_i_2_n_0. Optimizations did not improve timing on the net.
INFO: [Physopt 32-702] Processed net cnn0/temp_result[9][7]_i_9_n_0. Optimizations did not improve timing on the net.
INFO: [Physopt 32-608] Optimized 1 net.  Swapped 16 pins.
INFO: [Physopt 32-735] Processed net cnn0/temp_result[9][7]_i_5_n_0. Optimization improves timing on the net.
INFO: [Physopt 32-619] Estimated Timing Summary | WNS=-4.769 | TNS=-635.314 |
INFO: [Physopt 32-81] Processed net cnn0/fc_idx_reg[0]_rep__14_n_0. Replicated 4 times.
INFO: [Physopt 32-735] Processed net cnn0/fc_idx_reg[0]_rep__14_n_0. Optimization improves timing on the net.
INFO: [Physopt 32-619] Estimated Timing Summary | WNS=-4.769 | TNS=-635.050 |
INFO: [Physopt 32-702] Processed net cnn0/temp_result_reg[6]_138[28]. Optimizations did not improve timing on the net.
INFO: [Physopt 32-81] Processed net cnn0/fc_idx_reg[0]_rep__5_n_0. Replicated 7 times.
INFO: [Physopt 32-735] Processed net cnn0/fc_idx_reg[0]_rep__5_n_0. Optimization improves timing on the net.
INFO: [Physopt 32-619] Estimated Timing Summary | WNS=-4.769 | TNS=-631.485 |
INFO: [Physopt 32-702] Processed net cnn0/temp_result_reg[5]_144[25]. Optimizations did not improve timing on the net.
INFO: [Physopt 32-81] Processed net cnn0/fc_idx_reg[2]_rep__9_n_0. Replicated 10 times.
INFO: [Physopt 32-735] Processed net cnn0/fc_idx_reg[2]_rep__9_n_0. Optimization improves timing on the net.
INFO: [Physopt 32-619] Estimated Timing Summary | WNS=-4.769 | TNS=-631.485 |
INFO: [Physopt 32-81] Processed net cnn0/fc_idx_reg[0]_rep__10_n_0. Replicated 9 times.
INFO: [Physopt 32-735] Processed net cnn0/fc_idx_reg[0]_rep__10_n_0. Optimization improves timing on the net.
INFO: [Physopt 32-619] Estimated Timing Summary | WNS=-4.769 | TNS=-631.183 |
INFO: [Physopt 32-702] Processed net cnn0/temp_result_reg[8]_146[28]. Optimizations did not improve timing on the net.
INFO: [Physopt 32-81] Processed net cnn0/fc_idx_reg[0]_rep__12_n_0. Replicated 5 times.
INFO: [Physopt 32-735] Processed net cnn0/fc_idx_reg[0]_rep__12_n_0. Optimization improves timing on the net.
INFO: [Physopt 32-619] Estimated Timing Summary | WNS=-4.769 | TNS=-630.971 |
INFO: [Physopt 32-81] Processed net cnn0/fc_idx_reg[1]_rep__2_n_0. Replicated 6 times.
INFO: [Physopt 32-735] Processed net cnn0/fc_idx_reg[1]_rep__2_n_0. Optimization improves timing on the net.
INFO: [Physopt 32-619] Estimated Timing Summary | WNS=-4.769 | TNS=-629.807 |
INFO: [Physopt 32-702] Processed net cnn0/fc_idx_reg[0]_rep__12_n_0_repN. Optimizations did not improve timing on the net.
INFO: [Physopt 32-702] Processed net cnn0/temp_result_reg[8][38]_i_2_n_7. Optimizations did not improve timing on the net.
INFO: [Physopt 32-702] Processed net cnn0/temp_result_reg[8][27]_i_2_n_0. Optimizations did not improve timing on the net.
INFO: [Physopt 32-702] Processed net cnn0/temp_result_reg[8][23]_i_2_n_0. Optimizations did not improve timing on the net.
INFO: [Physopt 32-702] Processed net cnn0/temp_result_reg[8][19]_i_2_n_0. Optimizations did not improve timing on the net.
INFO: [Physopt 32-702] Processed net cnn0/temp_result_reg[8][15]_i_2_n_0. Optimizations did not improve timing on the net.
INFO: [Physopt 32-702] Processed net cnn0/temp_result_reg[8][11]_i_2_n_0. Optimizations did not improve timing on the net.
INFO: [Physopt 32-702] Processed net cnn0/temp_result_reg[8][7]_i_2_n_0. Optimizations did not improve timing on the net.
INFO: [Physopt 32-702] Processed net cnn0/temp_result[8][7]_i_10_n_0. Optimizations did not improve timing on the net.
INFO: [Physopt 32-702] Processed net cnn0/temp_result[8][7]_i_6_n_0. Optimizations did not improve timing on the net.
INFO: [Physopt 32-81] Processed net cnn0/temp_result[8][7]_i_14_n_0. Replicated 1 times.
INFO: [Physopt 32-735] Processed net cnn0/temp_result[8][7]_i_14_n_0. Optimization improves timing on the net.
INFO: [Physopt 32-619] Estimated Timing Summary | WNS=-4.769 | TNS=-629.687 |
INFO: [Physopt 32-702] Processed net b0/room_ff_reg_n_0_[0]. Optimizations did not improve timing on the net.
INFO: [Physopt 32-702] Processed net Icv0/main_bus\\.room_chk_repN. Optimizations did not improve timing on the net.
INFO: [Physopt 32-702] Processed net PCLK_IBUF. Optimizations did not improve timing on the net.
INFO: [Physopt 32-702] Processed net PCLK. Optimizations did not improve timing on the net.
INFO: [Physopt 32-702] Processed net cnn0/temp_result_reg[5]_144[25]. Optimizations did not improve timing on the net.
INFO: [Physopt 32-663] Processed net cnn0/fc_idx_reg[2]_rep__10_n_0.  Re-placed instance cnn0/fc_idx_reg[2]_rep__10
INFO: [Physopt 32-735] Processed net cnn0/fc_idx_reg[2]_rep__10_n_0. Optimization improves timing on the net.
INFO: [Physopt 32-619] Estimated Timing Summary | WNS=-4.769 | TNS=-626.851 |
INFO: [Physopt 32-702] Processed net cnn0/temp_result_reg[1]_132[24]. Optimizations did not improve timing on the net.
INFO: [Physopt 32-702] Processed net cnn0/fc_idx_reg[0]_rep__3_n_0. Optimizations did not improve timing on the net.
INFO: [Physopt 32-702] Processed net cnn0/temp_result_reg[1][27]_i_2_n_7. Optimizations did not improve timing on the net.
INFO: [Physopt 32-702] Processed net cnn0/temp_result[1][7]_i_8_n_0. Optimizations did not improve timing on the net.
INFO: [Physopt 32-702] Processed net cnn0/temp_result[1][7]_i_4_n_0. Optimizations did not improve timing on the net.
INFO: [Physopt 32-663] Processed net cnn0/temp_result[1][7]_i_12_n_0.  Re-placed instance cnn0/temp_result[1][7]_i_12
INFO: [Physopt 32-735] Processed net cnn0/temp_result[1][7]_i_12_n_0. Optimization improves timing on the net.
INFO: [Physopt 32-619] Estimated Timing Summary | WNS=-4.769 | TNS=-626.719 |
INFO: [Physopt 32-702] Processed net cnn0/temp_result_reg[7]_140[29]. Optimizations did not improve timing on the net.
INFO: [Physopt 32-663] Processed net cnn0/fc_idx_reg[1]_rep__13_n_0.  Re-placed instance cnn0/fc_idx_reg[1]_rep__13
INFO: [Physopt 32-735] Processed net cnn0/fc_idx_reg[1]_rep__13_n_0. Optimization improves timing on the net.
INFO: [Physopt 32-619] Estimated Timing Summary | WNS=-4.769 | TNS=-625.573 |
INFO: [Physopt 32-702] Processed net cnn0/temp_result_reg[8]_146[28]. Optimizations did not improve timing on the net.
INFO: [Physopt 32-702] Processed net cnn0/fc_idx_reg[0]_rep__12_n_0_repN. Optimizations did not improve timing on the net.
INFO: [Physopt 32-702] Processed net cnn0/temp_result_reg[8][38]_i_2_n_7. Optimizations did not improve timing on the net.
INFO: [Physopt 32-702] Processed net cnn0/temp_result[8][7]_i_10_n_0. Optimizations did not improve timing on the net.
INFO: [Physopt 32-702] Processed net cnn0/temp_result[8][7]_i_6_n_0. Optimizations did not improve timing on the net.
INFO: [Physopt 32-702] Processed net cnn0/temp_result[8][7]_i_14_n_0. Optimizations did not improve timing on the net.
INFO: [Physopt 32-702] Processed net cnn0/temp_result[8][28]_i_1_n_0. Optimizations did not improve timing on the net.
INFO: [Physopt 32-608] Optimized 1 net.  Swapped 5 pins.
INFO: [Physopt 32-735] Processed net cnn0/p_0_out__29_i_1_n_0. Optimization improves timing on the net.
INFO: [Physopt 32-619] Estimated Timing Summary | WNS=-4.769 | TNS=-625.405 |
INFO: [Physopt 32-663] Processed net cnn0/fc_idx[4].  Re-placed instance cnn0/fc_idx_reg[4]
INFO: [Physopt 32-735] Processed net cnn0/fc_idx[4]. Optimization improves timing on the net.
INFO: [Physopt 32-619] Estimated Timing Summary | WNS=-4.769 | TNS=-624.592 |
INFO: [Physopt 32-702] Processed net cnn0/temp_result_reg[9]_148[25]. Optimizations did not improve timing on the net.
INFO: [Physopt 32-663] Processed net cnn0/fc_idx_reg[1]_rep__6_n_0.  Re-placed instance cnn0/fc_idx_reg[1]_rep__6
INFO: [Physopt 32-735] Processed net cnn0/fc_idx_reg[1]_rep__6_n_0. Optimization improves timing on the net.
INFO: [Physopt 32-619] Estimated Timing Summary | WNS=-4.769 | TNS=-624.570 |
INFO: [Physopt 32-702] Processed net cnn0/fc_idx_reg[0]_rep__14_n_0_repN. Optimizations did not improve timing on the net.
INFO: [Physopt 32-702] Processed net cnn0/temp_result_reg[9][27]_i_2_n_6. Optimizations did not improve timing on the net.
INFO: [Physopt 32-702] Processed net cnn0/temp_result[9][7]_i_9_n_0. Optimizations did not improve timing on the net.
INFO: [Physopt 32-702] Processed net cnn0/temp_result[9][7]_i_5_n_0. Optimizations did not improve timing on the net.
INFO: [Physopt 32-702] Processed net cnn0/temp_result[9][7]_i_13_n_0. Optimizations did not improve timing on the net.
INFO: [Physopt 32-702] Processed net cnn0/temp_result[9][25]_i_1_n_0. Optimizations did not improve timing on the net.
INFO: [Physopt 32-702] Processed net cnn0/p_0_out__33_i_1_n_0. Optimizations did not improve timing on the net.
INFO: [Physopt 32-608] Optimized 1 net.  Swapped 19 pins.
INFO: [Physopt 32-735] Processed net cnn0/p_0_out__33_i_6_n_0. Optimization improves timing on the net.
INFO: [Physopt 32-619] Estimated Timing Summary | WNS=-4.769 | TNS=-624.548 |
INFO: [Physopt 32-663] Processed net cnn0/fc_idx_reg[1]_rep__7_n_0_repN.  Re-placed instance cnn0/fc_idx_reg[1]_rep__7_replica
INFO: [Physopt 32-735] Processed net cnn0/fc_idx_reg[1]_rep__7_n_0_repN. Optimization improves timing on the net.
INFO: [Physopt 32-619] Estimated Timing Summary | WNS=-4.769 | TNS=-624.216 |
INFO: [Physopt 32-702] Processed net cnn0/p_0_out__29_i_6_n_0. Optimizations did not improve timing on the net.
INFO: [Physopt 32-702] Processed net cnn0/p_0_out__29_i_18_n_0. Optimizations did not improve timing on the net.
INFO: [Physopt 32-663] Processed net cnn0/p_0_out__29_i_36_n_0.  Re-placed instance cnn0/p_0_out__29_i_36
INFO: [Physopt 32-735] Processed net cnn0/p_0_out__29_i_36_n_0. Optimization improves timing on the net.
INFO: [Physopt 32-619] Estimated Timing Summary | WNS=-4.769 | TNS=-624.192 |
INFO: [Physopt 32-663] Processed net cnn0/p_0_out__29_i_37_n_0.  Re-placed instance cnn0/p_0_out__29_i_37
INFO: [Physopt 32-735] Processed net cnn0/p_0_out__29_i_37_n_0. Optimization improves timing on the net.
INFO: [Physopt 32-619] Estimated Timing Summary | WNS=-4.769 | TNS=-623.586 |
INFO: [Physopt 32-619] Estimated Timing Summary | WNS=-4.769 | TNS=-623.586 |
Netlist sorting complete. Time (s): cpu = 00:00:00.04 ; elapsed = 00:00:00.03 . Memory (MB): peak = 2836.824 ; gain = 0.000 ; free physical = 5851 ; free virtual = 27401
Phase 4 Critical Path Optimization | Checksum: 1511edcf8

Time (s): cpu = 00:01:00 ; elapsed = 00:00:17 . Memory (MB): peak = 2836.824 ; gain = 0.000 ; free physical = 5851 ; free virtual = 27401
Netlist sorting complete. Time (s): cpu = 00:00:00 ; elapsed = 00:00:00 . Memory (MB): peak = 2836.824 ; gain = 0.000 ; free physical = 5851 ; free virtual = 27401
INFO: [Physopt 32-603] Post Physical Optimization Timing Summary | WNS=-4.769 | TNS=-623.586 |

Summary of Physical Synthesis Optimizations
============================================


-------------------------------------------------------------------------------------------------------------------------------------------------------------
|  Optimization   |  WNS Gain (ns)  |  TNS Gain (ns)  |  Added Cells  |  Removed Cells  |  Optimized Cells/Nets  |  Dont Touch  |  Iterations  |  Elapsed   |
-------------------------------------------------------------------------------------------------------------------------------------------------------------
|  DSP Register   |          0.000  |          0.000  |            0  |              0  |                     0  |           0  |           1  |  00:00:00  |
|  Critical Path  |          0.078  |         27.031  |          139  |              0  |                    46  |           0  |           2  |  00:00:16  |
|  Total          |          0.078  |         27.031  |          139  |              0  |                    46  |           0  |           3  |  00:00:16  |
-------------------------------------------------------------------------------------------------------------------------------------------------------------


Netlist sorting complete. Time (s): cpu = 00:00:00 ; elapsed = 00:00:00 . Memory (MB): peak = 2836.824 ; gain = 0.000 ; free physical = 5851 ; free virtual = 27401
Ending Physical Synthesis Task | Checksum: 2ab45299a

Time (s): cpu = 00:01:01 ; elapsed = 00:00:17 . Memory (MB): peak = 2836.824 ; gain = 0.000 ; free physical = 5851 ; free virtual = 27401
INFO: [Common 17-83] Releasing license: Implementation
378 Infos, 3 Warnings, 0 Critical Warnings and 0 Errors encountered.
phys_opt_design completed successfully
phys_opt_design: Time (s): cpu = 00:01:03 ; elapsed = 00:00:18 . Memory (MB): peak = 2836.824 ; gain = 0.000 ; free physical = 5851 ; free virtual = 27401
INFO: [Timing 38-480] Writing timing data to binary archive.
Write ShapeDB Complete: Time (s): cpu = 00:00:00.06 ; elapsed = 00:00:00.02 . Memory (MB): peak = 2836.824 ; gain = 0.000 ; free physical = 5850 ; free virtual = 27400
Wrote PlaceDB: Time (s): cpu = 00:00:00.76 ; elapsed = 00:00:00.34 . Memory (MB): peak = 2836.824 ; gain = 0.000 ; free physical = 5840 ; free virtual = 27403
Wrote PulsedLatchDB: Time (s): cpu = 00:00:00 ; elapsed = 00:00:00 . Memory (MB): peak = 2836.824 ; gain = 0.000 ; free physical = 5840 ; free virtual = 27403
Writing XDEF routing.
Writing XDEF routing logical nets.
Writing XDEF routing special nets.
Wrote RouteStorage: Time (s): cpu = 00:00:00.01 ; elapsed = 00:00:00.01 . Memory (MB): peak = 2836.824 ; gain = 0.000 ; free physical = 5840 ; free virtual = 27403
Wrote Netlist Cache: Time (s): cpu = 00:00:00.01 ; elapsed = 00:00:00.01 . Memory (MB): peak = 2836.824 ; gain = 0.000 ; free physical = 5839 ; free virtual = 27403
Wrote Device Cache: Time (s): cpu = 00:00:00 ; elapsed = 00:00:00 . Memory (MB): peak = 2836.824 ; gain = 0.000 ; free physical = 5832 ; free virtual = 27396
Write Physdb Complete: Time (s): cpu = 00:00:00.79 ; elapsed = 00:00:00.37 . Memory (MB): peak = 2836.824 ; gain = 0.000 ; free physical = 5832 ; free virtual = 27396
INFO: [Common 17-1381] The checkpoint '/home/jsh-laptop/workspace_ondevice_2/fpga/self_study/project_Guess_Number/project_Guess_Number.runs/impl_1/OV_VGA_physopt.dcp' has been generated.
Command: route_design
Attempting to get a license for feature 'Implementation' and/or device 'xc7a35t'
INFO: [Common 17-349] Got license for feature 'Implementation' and/or device 'xc7a35t'
INFO: [DRC 23-27] Running DRC with 8 threads
INFO: [Vivado_Tcl 4-198] DRC finished with 0 Errors
INFO: [Vivado_Tcl 4-199] Please refer to the DRC report (report_drc) for more information.


Starting Routing Task
INFO: [Route 35-254] Multithreading enabled for route_design using a maximum of 8 CPUs

Phase 1 Build RT Design
Checksum: PlaceDB: c1395747 ConstDB: 0 ShapeSum: 5cedbc57 RouteDB: a0815c57
Post Restoration Checksum: NetGraph: e7422cad | NumContArr: c653eb13 | Constraints: c2a8fa9d | Timing: c2a8fa9d
Phase 1 Build RT Design | Checksum: 332e80cfa

Time (s): cpu = 00:00:13 ; elapsed = 00:00:09 . Memory (MB): peak = 2836.824 ; gain = 0.000 ; free physical = 5854 ; free virtual = 27420

Phase 2 Router Initialization

Phase 2.1 Fix Topology Constraints
Phase 2.1 Fix Topology Constraints | Checksum: 332e80cfa

Time (s): cpu = 00:00:13 ; elapsed = 00:00:09 . Memory (MB): peak = 2836.824 ; gain = 0.000 ; free physical = 5854 ; free virtual = 27420

Phase 2.2 Pre Route Cleanup
Phase 2.2 Pre Route Cleanup | Checksum: 332e80cfa

Time (s): cpu = 00:00:13 ; elapsed = 00:00:09 . Memory (MB): peak = 2836.824 ; gain = 0.000 ; free physical = 5854 ; free virtual = 27420
 Number of Nodes with overlaps = 0

Phase 2.3 Update Timing
Phase 2.3 Update Timing | Checksum: 1ed09f39f

Time (s): cpu = 00:00:17 ; elapsed = 00:00:10 . Memory (MB): peak = 2836.824 ; gain = 0.000 ; free physical = 5836 ; free virtual = 27403
INFO: [Route 35-416] Intermediate Timing Summary | WNS=-4.766 | TNS=-602.209| WHS=-1.780 | THS=-27.013|


Router Utilization Summary
  Global Vertical Routing Utilization    = 7.97257e-05 %
  Global Horizontal Routing Utilization  = 0.000130141 %
  Routable Net Status*
  *Does not include unroutable nets such as driverless and loadless.
  Run report_route_status for detailed report.
  Number of Failed Nets               = 10164
    (Failed Nets is the sum of unrouted and partially routed nets)
  Number of Unrouted Nets             = 10163
  Number of Partially Routed Nets     = 1
  Number of Node Overlaps             = 0

Phase 2 Router Initialization | Checksum: 1ea7eb946

Time (s): cpu = 00:00:19 ; elapsed = 00:00:11 . Memory (MB): peak = 2836.824 ; gain = 0.000 ; free physical = 5848 ; free virtual = 27397

Phase 3 Global Routing
Phase 3 Global Routing | Checksum: 1ea7eb946

Time (s): cpu = 00:00:19 ; elapsed = 00:00:11 . Memory (MB): peak = 2836.824 ; gain = 0.000 ; free physical = 5848 ; free virtual = 27397

Phase 4 Initial Routing

Phase 4.1 Initial Net Routing Pass
Phase 4.1 Initial Net Routing Pass | Checksum: 1149ae646

Time (s): cpu = 00:00:23 ; elapsed = 00:00:12 . Memory (MB): peak = 2836.824 ; gain = 0.000 ; free physical = 5840 ; free virtual = 27382
Phase 4 Initial Routing | Checksum: 1149ae646

Time (s): cpu = 00:00:24 ; elapsed = 00:00:12 . Memory (MB): peak = 2836.824 ; gain = 0.000 ; free physical = 5840 ; free virtual = 27382
INFO: [Route 35-580] Design has 4 pins with tight setup and hold constraints.

The top 5 pins with tight setup and hold constraints:

+====================+====================+============================+
| Launch Setup Clock | Launch Hold Clock  | Pin                        |
+====================+====================+============================+
| clk_out1_clk_wiz_0 | clk_out1_clk_wiz_0 | Icv0/sync_pclk_reg[0]/D    |
| pclk_pin           | pclk_pin           | cnn0/scnn_valid_reg[0]/D   |
| pclk_pin           | pclk_pin           | cnn0/scnn_done_reg[0]/D    |
| pclk_pin           | pclk_pin           | cnn0/in_buffer_reg[0][7]/D |
+--------------------+--------------------+----------------------------+

File with complete list of pins: tight_setup_hold_pins.txt


Phase 5 Rip-up And Reroute

Phase 5.1 Global Iteration 0
 Number of Nodes with overlaps = 4532
 Number of Nodes with overlaps = 2336
 Number of Nodes with overlaps = 1127
 Number of Nodes with overlaps = 471
 Number of Nodes with overlaps = 229
 Number of Nodes with overlaps = 98
 Number of Nodes with overlaps = 36
 Number of Nodes with overlaps = 21
 Number of Nodes with overlaps = 10
 Number of Nodes with overlaps = 11
 Number of Nodes with overlaps = 1
 Number of Nodes with overlaps = 2
 Number of Nodes with overlaps = 0
INFO: [Route 35-416] Intermediate Timing Summary | WNS=-4.766 | TNS=-822.768| WHS=N/A    | THS=N/A    |

Phase 5.1 Global Iteration 0 | Checksum: 1dbd5713a

Time (s): cpu = 00:01:24 ; elapsed = 00:00:36 . Memory (MB): peak = 2847.406 ; gain = 10.582 ; free physical = 5825 ; free virtual = 27416

Phase 5.2 Global Iteration 1
 Number of Nodes with overlaps = 9
 Number of Nodes with overlaps = 1
 Number of Nodes with overlaps = 0
INFO: [Route 35-416] Intermediate Timing Summary | WNS=-4.766 | TNS=-817.408| WHS=N/A    | THS=N/A    |

Phase 5.2 Global Iteration 1 | Checksum: 2d9fcd789

Time (s): cpu = 00:01:25 ; elapsed = 00:00:37 . Memory (MB): peak = 2847.406 ; gain = 10.582 ; free physical = 5839 ; free virtual = 27412
Phase 5 Rip-up And Reroute | Checksum: 2d9fcd789

Time (s): cpu = 00:01:25 ; elapsed = 00:00:37 . Memory (MB): peak = 2847.406 ; gain = 10.582 ; free physical = 5839 ; free virtual = 27412

Phase 6 Delay and Skew Optimization

Phase 6.1 Delay CleanUp

Phase 6.1.1 Update Timing
Phase 6.1.1 Update Timing | Checksum: 2ab2408aa

Time (s): cpu = 00:01:25 ; elapsed = 00:00:37 . Memory (MB): peak = 2847.406 ; gain = 10.582 ; free physical = 5830 ; free virtual = 27406
INFO: [Route 35-416] Intermediate Timing Summary | WNS=-4.766 | TNS=-791.656| WHS=N/A    | THS=N/A    |

 Number of Nodes with overlaps = 0
Phase 6.1 Delay CleanUp | Checksum: 17caff952

Time (s): cpu = 00:01:26 ; elapsed = 00:00:37 . Memory (MB): peak = 2847.406 ; gain = 10.582 ; free physical = 5793 ; free virtual = 27388

Phase 6.2 Clock Skew Optimization
Phase 6.2 Clock Skew Optimization | Checksum: 17caff952

Time (s): cpu = 00:01:26 ; elapsed = 00:00:37 . Memory (MB): peak = 2847.406 ; gain = 10.582 ; free physical = 5792 ; free virtual = 27388
Phase 6 Delay and Skew Optimization | Checksum: 17caff952

Time (s): cpu = 00:01:26 ; elapsed = 00:00:37 . Memory (MB): peak = 2847.406 ; gain = 10.582 ; free physical = 5792 ; free virtual = 27388

Phase 7 Post Hold Fix

Phase 7.1 Hold Fix Iter
INFO: [Route 35-416] Intermediate Timing Summary | WNS=-4.766 | TNS=-774.643| WHS=-0.135 | THS=-0.135 |

Phase 7.1 Hold Fix Iter | Checksum: 252c5ff90

Time (s): cpu = 00:01:28 ; elapsed = 00:00:38 . Memory (MB): peak = 2847.406 ; gain = 10.582 ; free physical = 5782 ; free virtual = 27350

Phase 7.2 Non Free Resource Hold Fix Iter
Phase 7.2 Non Free Resource Hold Fix Iter | Checksum: 1ff03abdd

Time (s): cpu = 00:01:28 ; elapsed = 00:00:38 . Memory (MB): peak = 2847.406 ; gain = 10.582 ; free physical = 5782 ; free virtual = 27352
WARNING: [Route 35-468] The router encountered 4 pins that are both setup-critical and hold-critical and tried to fix hold violations at the expense of setup slack. Such pins are:
	cnn0/scnn_done_reg[0]/D
	cnn0/scnn_valid_reg[0]/D
	cnn0/in_buffer_reg[0][7]/D
	Icv0/sync_pclk_reg[0]/D

Phase 7 Post Hold Fix | Checksum: 1ff03abdd

Time (s): cpu = 00:01:28 ; elapsed = 00:00:38 . Memory (MB): peak = 2847.406 ; gain = 10.582 ; free physical = 5782 ; free virtual = 27356

Phase 8 Route finalize

Router Utilization Summary
  Global Vertical Routing Utilization    = 4.93638 %
  Global Horizontal Routing Utilization  = 5.28071 %
  Routable Net Status*
  *Does not include unroutable nets such as driverless and loadless.
  Run report_route_status for detailed report.
  Number of Failed Nets               = 0
    (Failed Nets is the sum of unrouted and partially routed nets)
  Number of Unrouted Nets             = 0
  Number of Partially Routed Nets     = 0
  Number of Node Overlaps             = 0


--GLOBAL Congestion:
Utilization threshold used for congestion level computation: 0.85
Congestion Report
North Dir 1x1 Area, Max Cong = 72.0721%, No Congested Regions.
South Dir 1x1 Area, Max Cong = 66.6667%, No Congested Regions.
East Dir 1x1 Area, Max Cong = 79.4118%, No Congested Regions.
West Dir 1x1 Area, Max Cong = 60.2941%, No Congested Regions.

------------------------------
Reporting congestion hotspots
------------------------------
Direction: North
----------------
Congested clusters found at Level 0
Effective congestion level: 0 Aspect Ratio: 1 Sparse Ratio: 0
Direction: South
----------------
Congested clusters found at Level 0
Effective congestion level: 0 Aspect Ratio: 1 Sparse Ratio: 0
Direction: East
----------------
Congested clusters found at Level 0
Effective congestion level: 0 Aspect Ratio: 1 Sparse Ratio: 0
Direction: West
----------------
Congested clusters found at Level 0
Effective congestion level: 0 Aspect Ratio: 1 Sparse Ratio: 0

Phase 8 Route finalize | Checksum: 1ff03abdd

Time (s): cpu = 00:01:28 ; elapsed = 00:00:38 . Memory (MB): peak = 2847.406 ; gain = 10.582 ; free physical = 5763 ; free virtual = 27345

Phase 9 Verifying routed nets

 Verification completed successfully
Phase 9 Verifying routed nets | Checksum: 1ff03abdd

Time (s): cpu = 00:01:28 ; elapsed = 00:00:38 . Memory (MB): peak = 2847.406 ; gain = 10.582 ; free physical = 5758 ; free virtual = 27334

Phase 10 Depositing Routes
Phase 10 Depositing Routes | Checksum: 1a9764d64

Time (s): cpu = 00:01:29 ; elapsed = 00:00:38 . Memory (MB): peak = 2847.406 ; gain = 10.582 ; free physical = 5631 ; free virtual = 27215

Phase 11 Post Process Routing
Phase 11 Post Process Routing | Checksum: 1a9764d64

Time (s): cpu = 00:01:29 ; elapsed = 00:00:38 . Memory (MB): peak = 2847.406 ; gain = 10.582 ; free physical = 5631 ; free virtual = 27215

Phase 12 Post Router Timing

Phase 12.1 Update Timing
Phase 12.1 Update Timing | Checksum: 1a9764d64

Time (s): cpu = 00:01:30 ; elapsed = 00:00:38 . Memory (MB): peak = 2847.406 ; gain = 10.582 ; free physical = 5612 ; free virtual = 27197
INFO: [Route 35-57] Estimated Timing Summary | WNS=-4.766 | TNS=-775.089| WHS=0.090  | THS=0.000  |

WARNING: [Route 35-328] Router estimated timing not met.
Resolution: For a complete and accurate timing signoff, report_timing_summary must be run after route_design. Alternatively, route_design can be run with the -timing_summary option to enable a complete timing signoff at the end of route_design.
Phase 12 Post Router Timing | Checksum: 1a9764d64

Time (s): cpu = 00:01:30 ; elapsed = 00:00:38 . Memory (MB): peak = 2847.406 ; gain = 10.582 ; free physical = 5612 ; free virtual = 27197
Total Elapsed time in route_design: 38.4 secs

Phase 13 Post-Route Event Processing
Phase 13 Post-Route Event Processing | Checksum: 1da740a74

Time (s): cpu = 00:01:30 ; elapsed = 00:00:38 . Memory (MB): peak = 2847.406 ; gain = 10.582 ; free physical = 5612 ; free virtual = 27197
INFO: [Route 35-16] Router Completed Successfully
Ending Routing Task | Checksum: 1da740a74

Time (s): cpu = 00:01:30 ; elapsed = 00:00:38 . Memory (MB): peak = 2847.406 ; gain = 10.582 ; free physical = 5612 ; free virtual = 27197

Routing Is Done.
INFO: [Common 17-83] Releasing license: Implementation
394 Infos, 5 Warnings, 0 Critical Warnings and 0 Errors encountered.
route_design completed successfully
route_design: Time (s): cpu = 00:01:32 ; elapsed = 00:00:39 . Memory (MB): peak = 2847.406 ; gain = 10.582 ; free physical = 5612 ; free virtual = 27197
INFO: [Vivado 12-24828] Executing command : report_drc -file OV_VGA_drc_routed.rpt -pb OV_VGA_drc_routed.pb -rpx OV_VGA_drc_routed.rpx
Command: report_drc -file OV_VGA_drc_routed.rpt -pb OV_VGA_drc_routed.pb -rpx OV_VGA_drc_routed.rpx
INFO: [IP_Flow 19-1839] IP Catalog is up to date.
INFO: [DRC 23-27] Running DRC with 8 threads
INFO: [Vivado_Tcl 2-168] The results of DRC are in file /home/jsh-laptop/workspace_ondevice_2/fpga/self_study/project_Guess_Number/project_Guess_Number.runs/impl_1/OV_VGA_drc_routed.rpt.
report_drc completed successfully
INFO: [Vivado 12-24828] Executing command : report_methodology -file OV_VGA_methodology_drc_routed.rpt -pb OV_VGA_methodology_drc_routed.pb -rpx OV_VGA_methodology_drc_routed.rpx
Command: report_methodology -file OV_VGA_methodology_drc_routed.rpt -pb OV_VGA_methodology_drc_routed.pb -rpx OV_VGA_methodology_drc_routed.rpx
INFO: [Timing 38-35] Done setting XDC timing constraints.
INFO: [DRC 23-133] Running Methodology with 8 threads
INFO: [Vivado_Tcl 2-1520] The results of Report Methodology are in file /home/jsh-laptop/workspace_ondevice_2/fpga/self_study/project_Guess_Number/project_Guess_Number.runs/impl_1/OV_VGA_methodology_drc_routed.rpt.
report_methodology completed successfully
INFO: [Vivado 12-24828] Executing command : report_timing_summary -max_paths 10 -report_unconstrained -file OV_VGA_timing_summary_routed.rpt -pb OV_VGA_timing_summary_routed.pb -rpx OV_VGA_timing_summary_routed.rpx -warn_on_violation 
INFO: [Timing 38-35] Done setting XDC timing constraints.
INFO: [Timing 38-91] UpdateTimingParams: Speed grade: -1, Delay Type: min_max.
INFO: [Timing 38-191] Multithreading enabled for timing update using a maximum of 8 CPUs
CRITICAL WARNING: [Timing 38-282] The design failed to meet the timing requirements. Please see the timing summary report for details on the timing violations.
INFO: [Vivado 12-24838] Running report commands "report_bus_skew, report_incremental_reuse, report_route_status" in parallel.
Running report generation with 3 threads.
INFO: [Vivado 12-24828] Executing command : report_incremental_reuse -file OV_VGA_incremental_reuse_routed.rpt
INFO: [Vivado_Tcl 4-1062] Incremental flow is disabled. No incremental reuse Info to report.
INFO: [Vivado 12-24828] Executing command : report_route_status -file OV_VGA_route_status.rpt -pb OV_VGA_route_status.pb
INFO: [Vivado 12-24828] Executing command : report_bus_skew -warn_on_violation -file OV_VGA_bus_skew_routed.rpt -pb OV_VGA_bus_skew_routed.pb -rpx OV_VGA_bus_skew_routed.rpx
INFO: [Timing 38-91] UpdateTimingParams: Speed grade: -1, Delay Type: min_max.
INFO: [Timing 38-191] Multithreading enabled for timing update using a maximum of 8 CPUs
INFO: [Vivado 12-24828] Executing command : report_power -file OV_VGA_power_routed.rpt -pb OV_VGA_power_summary_routed.pb -rpx OV_VGA_power_routed.rpx
Command: report_power -file OV_VGA_power_routed.rpt -pb OV_VGA_power_summary_routed.pb -rpx OV_VGA_power_routed.rpx
Running Vector-less Activity Propagation...

Finished Running Vector-less Activity Propagation
414 Infos, 5 Warnings, 1 Critical Warnings and 0 Errors encountered.
report_power completed successfully
INFO: [Vivado 12-24828] Executing command : report_clock_utilization -file OV_VGA_clock_utilization_routed.rpt
generate_parallel_reports: Time (s): cpu = 00:00:29 ; elapsed = 00:00:07 . Memory (MB): peak = 2975.160 ; gain = 127.754 ; free physical = 5638 ; free virtual = 27193
INFO: [Timing 38-480] Writing timing data to binary archive.
Write ShapeDB Complete: Time (s): cpu = 00:00:00.06 ; elapsed = 00:00:00.01 . Memory (MB): peak = 2975.160 ; gain = 0.000 ; free physical = 5638 ; free virtual = 27194
Wrote PlaceDB: Time (s): cpu = 00:00:00.72 ; elapsed = 00:00:00.33 . Memory (MB): peak = 2975.160 ; gain = 0.000 ; free physical = 5627 ; free virtual = 27195
Wrote PulsedLatchDB: Time (s): cpu = 00:00:00 ; elapsed = 00:00:00 . Memory (MB): peak = 2975.160 ; gain = 0.000 ; free physical = 5627 ; free virtual = 27195
Writing XDEF routing.
Writing XDEF routing logical nets.
Writing XDEF routing special nets.
Wrote RouteStorage: Time (s): cpu = 00:00:00.1 ; elapsed = 00:00:00.06 . Memory (MB): peak = 2975.160 ; gain = 0.000 ; free physical = 5619 ; free virtual = 27188
Wrote Netlist Cache: Time (s): cpu = 00:00:00.01 ; elapsed = 00:00:00.01 . Memory (MB): peak = 2975.160 ; gain = 0.000 ; free physical = 5619 ; free virtual = 27189
Wrote Device Cache: Time (s): cpu = 00:00:00 ; elapsed = 00:00:00.01 . Memory (MB): peak = 2975.160 ; gain = 0.000 ; free physical = 5619 ; free virtual = 27190
Write Physdb Complete: Time (s): cpu = 00:00:00.83 ; elapsed = 00:00:00.41 . Memory (MB): peak = 2975.160 ; gain = 0.000 ; free physical = 5619 ; free virtual = 27190
INFO: [Common 17-1381] The checkpoint '/home/jsh-laptop/workspace_ondevice_2/fpga/self_study/project_Guess_Number/project_Guess_Number.runs/impl_1/OV_VGA_routed.dcp' has been generated.
Command: write_bitstream -force OV_VGA.bit
Attempting to get a license for feature 'Implementation' and/or device 'xc7a35t'
INFO: [Common 17-349] Got license for feature 'Implementation' and/or device 'xc7a35t'
Running DRC as a precondition to command write_bitstream
INFO: [IP_Flow 19-1839] IP Catalog is up to date.
INFO: [DRC 23-27] Running DRC with 8 threads
INFO: [Vivado 12-3199] DRC finished with 0 Errors
INFO: [Vivado 12-3200] Please refer to the DRC report (report_drc) for more information.
INFO: [Designutils 20-2272] Running write_bitstream with 8 threads.
Loading data files...
Loading site data...
Loading route data...
Processing options...
Creating bitmap...
Creating bitstream...
Bitstream compression saved 9811488 bits.
Writing bitstream ./OV_VGA.bit...
INFO: [Vivado 12-1842] Bitgen Completed Successfully.
INFO: [Project 1-1876] WebTalk data collection is mandatory when using a ULT device. To see the specific WebTalk data collected for your design, open the usage_statistics_webtalk.html or usage_statistics_webtalk.xml file in the implementation directory.
INFO: [Common 17-83] Releasing license: Implementation
426 Infos, 5 Warnings, 1 Critical Warnings and 0 Errors encountered.
write_bitstream completed successfully
write_bitstream: Time (s): cpu = 00:00:18 ; elapsed = 00:00:16 . Memory (MB): peak = 3262.141 ; gain = 286.980 ; free physical = 5332 ; free virtual = 26889
INFO: [Common 17-206] Exiting Vivado at Tue Apr 21 13:52:41 2026...
